2022-06-04 18:50:58.534  INFO 21056 --- [restartedMain] c.c.c.ConfigServicePropertySourceLocator : Fetching config from server at : http://localhost:8888
2022-06-04 18:51:00.339  INFO 21056 --- [restartedMain] c.c.c.ConfigServicePropertySourceLocator : Located environment: name=ALBUM-SERVICE, profiles=[default], label=null, version=105dc57dc7576e65cfce30be6b5cd2a098c6f229, state=null
2022-06-04 18:51:00.342  INFO 21056 --- [restartedMain] b.c.PropertySourceBootstrapConfiguration : Located property source: [BootstrapPropertySource {name='bootstrapProperties-configClient'}, BootstrapPropertySource {name='bootstrapProperties-https://github.com/LiamJDesmond84/Photo-App-Spring-Cloud-Config-Repo/file:C:\Users\liamj\AppData\Local\Temp\config-repo-13342823672963034516\application.yml'}]
2022-06-04 18:51:00.370  INFO 21056 --- [restartedMain] c.l.p.PhotoAppAlbumServiceApplication    : No active profile set, falling back to 1 default profile: "default"
2022-06-04 18:51:04.319  INFO 21056 --- [restartedMain] faultConfiguringBeanFactoryPostProcessor : No bean named 'errorChannel' has been explicitly defined. Therefore, a default PublishSubscribeChannel will be created.
2022-06-04 18:51:04.374  INFO 21056 --- [restartedMain] faultConfiguringBeanFactoryPostProcessor : No bean named 'integrationHeaderChannelRegistry' has been explicitly defined. Therefore, a default DefaultHeaderChannelRegistry will be created.
2022-06-04 18:51:04.679  INFO 21056 --- [restartedMain] o.s.cloud.context.scope.GenericScope     : BeanFactory id=3448e0e0-2279-359b-b196-e42e583d618d
2022-06-04 18:51:04.941  INFO 21056 --- [restartedMain] trationDelegate$BeanPostProcessorChecker : Bean 'org.springframework.integration.config.IntegrationManagementConfiguration' of type [org.springframework.integration.config.IntegrationManagementConfiguration] is not eligible for getting processed by all BeanPostProcessors (for example: not eligible for auto-proxying)
2022-06-04 18:51:04.945  INFO 21056 --- [restartedMain] trationDelegate$BeanPostProcessorChecker : Bean 'org.springframework.boot.autoconfigure.integration.IntegrationAutoConfiguration$IntegrationJmxConfiguration' of type [org.springframework.boot.autoconfigure.integration.IntegrationAutoConfiguration$IntegrationJmxConfiguration] is not eligible for getting processed by all BeanPostProcessors (for example: not eligible for auto-proxying)
2022-06-04 18:51:04.972  INFO 21056 --- [restartedMain] trationDelegate$BeanPostProcessorChecker : Bean 'org.springframework.boot.autoconfigure.jmx.JmxAutoConfiguration' of type [org.springframework.boot.autoconfigure.jmx.JmxAutoConfiguration] is not eligible for getting processed by all BeanPostProcessors (for example: not eligible for auto-proxying)
2022-06-04 18:51:04.982  INFO 21056 --- [restartedMain] trationDelegate$BeanPostProcessorChecker : Bean 'mbeanServer' of type [com.sun.jmx.mbeanserver.JmxMBeanServer] is not eligible for getting processed by all BeanPostProcessors (for example: not eligible for auto-proxying)
2022-06-04 18:51:05.008  INFO 21056 --- [restartedMain] trationDelegate$BeanPostProcessorChecker : Bean 'integrationChannelResolver' of type [org.springframework.integration.support.channel.BeanFactoryChannelResolver] is not eligible for getting processed by all BeanPostProcessors (for example: not eligible for auto-proxying)
2022-06-04 18:51:06.370  INFO 21056 --- [restartedMain] o.s.b.w.embedded.tomcat.TomcatWebServer  : Tomcat initialized with port(s): 0 (http)
2022-06-04 18:51:06.392  INFO 21056 --- [restartedMain] o.apache.catalina.core.StandardService   : Starting service [Tomcat]
2022-06-04 18:51:06.393  INFO 21056 --- [restartedMain] org.apache.catalina.core.StandardEngine  : Starting Servlet engine: [Apache Tomcat/9.0.62]
2022-06-04 18:51:06.677  INFO 21056 --- [restartedMain] o.a.c.c.C.[Tomcat].[localhost].[/]       : Initializing Spring embedded WebApplicationContext
2022-06-04 18:51:06.678  INFO 21056 --- [restartedMain] w.s.c.ServletWebServerApplicationContext : Root WebApplicationContext: initialization completed in 6279 ms
2022-06-04 18:51:10.564  INFO 21056 --- [restartedMain] o.s.c.s.m.DirectWithAttributesChannel    : Channel 'application-1.springCloudBusInput' has 1 subscriber(s).
2022-06-04 18:51:10.953  WARN 21056 --- [restartedMain] o.s.b.d.a.OptionalLiveReloadServer       : Unable to start LiveReload server
2022-06-04 18:51:11.207  INFO 21056 --- [restartedMain] DiscoveryClientOptionalArgsConfiguration : Eureka HTTP Client uses RestTemplate.
2022-06-04 18:51:11.325  WARN 21056 --- [restartedMain] iguration$LoadBalancerCaffeineWarnLogger : Spring Cloud LoadBalancer is currently working with the default cache. While this cache implementation is useful for development and tests, it's recommended to use Caffeine cache in production.You can switch to using Caffeine cache, by adding it and org.springframework.cache.caffeine.CaffeineCacheManager to the classpath.
2022-06-04 18:51:11.336  INFO 21056 --- [restartedMain] o.s.b.a.e.web.EndpointLinksResolver      : Exposing 1 endpoint(s) beneath base path '/actuator'
2022-06-04 18:51:11.795  INFO 21056 --- [restartedMain] o.s.i.monitor.IntegrationMBeanExporter   : Registering MessageChannel errorChannel
2022-06-04 18:51:11.913  INFO 21056 --- [restartedMain] o.s.i.monitor.IntegrationMBeanExporter   : Registering MessageChannel springCloudBusInput
2022-06-04 18:51:11.957  INFO 21056 --- [restartedMain] o.s.i.monitor.IntegrationMBeanExporter   : Registering MessageChannel nullChannel
2022-06-04 18:51:11.972  INFO 21056 --- [restartedMain] o.s.i.monitor.IntegrationMBeanExporter   : Registering MessageHandler _org.springframework.integration.errorLogger
2022-06-04 18:51:12.054  INFO 21056 --- [restartedMain] o.s.i.endpoint.EventDrivenConsumer       : Adding {logging-channel-adapter:_org.springframework.integration.errorLogger} as a subscriber to the 'errorChannel' channel
2022-06-04 18:51:12.055  INFO 21056 --- [restartedMain] o.s.i.channel.PublishSubscribeChannel    : Channel 'application-1.errorChannel' has 1 subscriber(s).
2022-06-04 18:51:12.055  INFO 21056 --- [restartedMain] o.s.i.endpoint.EventDrivenConsumer       : started bean '_org.springframework.integration.errorLogger'
2022-06-04 18:51:12.065  INFO 21056 --- [restartedMain] o.s.c.s.binder.DefaultBinderFactory      : Creating binder: rabbit
2022-06-04 18:51:12.198  INFO 21056 --- [restartedMain] o.s.c.s.binder.DefaultBinderFactory      : Caching the binder: rabbit
2022-06-04 18:51:12.199  INFO 21056 --- [restartedMain] o.s.c.s.binder.DefaultBinderFactory      : Retrieving cached binder: rabbit
2022-06-04 18:51:12.412  INFO 21056 --- [restartedMain] c.s.b.r.p.RabbitExchangeQueueProvisioner : declaring queue for inbound: springCloudBus.anonymous.ZlHKRlGgRmGB3bjaH8g-yw, bound to: springCloudBus
2022-06-04 18:51:12.419  INFO 21056 --- [restartedMain] o.s.a.r.c.CachingConnectionFactory       : Attempting to connect to: [localhost:5672]
2022-06-04 18:51:12.429  INFO 21056 --- [restartedMain] o.s.a.r.c.CachingConnectionFactory       : Attempting to connect to: [localhost:5672]
2022-06-04 18:51:12.434  INFO 21056 --- [restartedMain] o.s.a.r.c.CachingConnectionFactory       : Attempting to connect to: [localhost:5672]
2022-06-04 18:51:12.466  INFO 21056 --- [restartedMain] o.s.c.stream.binder.BinderErrorChannel   : Channel 'springCloudBus.anonymous.ZlHKRlGgRmGB3bjaH8g-yw.errors' has 1 subscriber(s).
2022-06-04 18:51:12.468  INFO 21056 --- [restartedMain] o.s.c.stream.binder.BinderErrorChannel   : Channel 'springCloudBus.anonymous.ZlHKRlGgRmGB3bjaH8g-yw.errors' has 2 subscriber(s).
2022-06-04 18:51:12.470  INFO 21056 --- [restartedMain] o.s.a.r.c.CachingConnectionFactory       : Attempting to connect to: [localhost:5672]
2022-06-04 18:51:12.472  INFO 21056 --- [restartedMain] o.s.a.r.l.SimpleMessageListenerContainer : Broker not available; cannot force queue declarations during start: java.net.ConnectException: Connection refused: no further information
2022-06-04 18:51:12.487  INFO 21056 --- [springCloudBus.anonymous.ZlHKRlGgRmGB3bjaH8g-yw-1] o.s.a.r.c.CachingConnectionFactory       : Attempting to connect to: [localhost:5672]
2022-06-04 18:51:12.489  INFO 21056 --- [restartedMain] o.s.i.a.i.AmqpInboundChannelAdapter      : started bean 'inbound.springCloudBus.anonymous.ZlHKRlGgRmGB3bjaH8g-yw'
2022-06-04 18:51:12.550  INFO 21056 --- [restartedMain] o.s.b.w.embedded.tomcat.TomcatWebServer  : Tomcat started on port(s): 51287 (http) with context path ''
2022-06-04 18:51:12.551  INFO 21056 --- [restartedMain] .s.c.n.e.s.EurekaAutoServiceRegistration : Updating port to 51287
2022-06-04 18:51:12.563  INFO 21056 --- [restartedMain] o.s.c.n.eureka.InstanceInfoFactory       : Setting initial instance status as: STARTING
2022-06-04 18:51:12.685  INFO 21056 --- [restartedMain] com.netflix.discovery.DiscoveryClient    : Initializing Eureka in region us-east-1
2022-06-04 18:51:12.699  INFO 21056 --- [restartedMain] c.n.d.s.r.aws.ConfigClusterResolver      : Resolving eureka endpoints via configuration
2022-06-04 18:51:12.776  INFO 21056 --- [restartedMain] com.netflix.discovery.DiscoveryClient    : Disable delta property : false
2022-06-04 18:51:12.777  INFO 21056 --- [restartedMain] com.netflix.discovery.DiscoveryClient    : Single vip registry refresh property : null
2022-06-04 18:51:12.777  INFO 21056 --- [restartedMain] com.netflix.discovery.DiscoveryClient    : Force full registry fetch : false
2022-06-04 18:51:12.777  INFO 21056 --- [restartedMain] com.netflix.discovery.DiscoveryClient    : Application is null : false
2022-06-04 18:51:12.778  INFO 21056 --- [restartedMain] com.netflix.discovery.DiscoveryClient    : Registered Applications size is zero : true
2022-06-04 18:51:12.779  INFO 21056 --- [restartedMain] com.netflix.discovery.DiscoveryClient    : Application version is -1: true
2022-06-04 18:51:12.780  INFO 21056 --- [restartedMain] com.netflix.discovery.DiscoveryClient    : Getting all instance registry info from the eureka server
2022-06-04 18:51:13.098  INFO 21056 --- [restartedMain] com.netflix.discovery.DiscoveryClient    : The response status is 200
2022-06-04 18:51:13.106  INFO 21056 --- [restartedMain] com.netflix.discovery.DiscoveryClient    : Starting heartbeat executor: renew interval is: 30
2022-06-04 18:51:13.115  INFO 21056 --- [restartedMain] c.n.discovery.InstanceInfoReplicator     : InstanceInfoReplicator onDemand update allowed rate per min is 4
2022-06-04 18:51:13.132  INFO 21056 --- [restartedMain] com.netflix.discovery.DiscoveryClient    : Discovery Client initialized at timestamp 1654386673131 with initial instances count: 1
2022-06-04 18:51:13.135  INFO 21056 --- [restartedMain] o.s.c.n.e.s.EurekaServiceRegistry        : Registering application ALBUM-SERVICE with eureka with status UP
2022-06-04 18:51:13.136  INFO 21056 --- [restartedMain] com.netflix.discovery.DiscoveryClient    : Saw local status change event StatusChangeEvent [timestamp=1654386673136, current=UP, previous=STARTING]
2022-06-04 18:51:13.139  INFO 21056 --- [DiscoveryClient-InstanceInfoReplicator-0] com.netflix.discovery.DiscoveryClient    : DiscoveryClient_ALBUM-SERVICE/ALBUM-SERVICE:8d1ad5b047904cef087b39439d18d005: registering service...
2022-06-04 18:51:13.316  INFO 21056 --- [DiscoveryClient-InstanceInfoReplicator-0] com.netflix.discovery.DiscoveryClient    : DiscoveryClient_ALBUM-SERVICE/ALBUM-SERVICE:8d1ad5b047904cef087b39439d18d005 - registration status: 204
2022-06-04 18:51:13.465  INFO 21056 --- [RMI TCP Connection(1)-127.0.0.1] o.a.c.c.C.[Tomcat].[localhost].[/]       : Initializing Spring DispatcherServlet 'dispatcherServlet'
2022-06-04 18:51:13.465  INFO 21056 --- [RMI TCP Connection(1)-127.0.0.1] o.s.web.servlet.DispatcherServlet        : Initializing Servlet 'dispatcherServlet'
2022-06-04 18:51:13.470  INFO 21056 --- [RMI TCP Connection(1)-127.0.0.1] o.s.web.servlet.DispatcherServlet        : Completed initialization in 4 ms
2022-06-04 18:51:13.612  INFO 21056 --- [restartedMain] o.s.i.monitor.IntegrationMBeanExporter   : Registering MessageChannel springCloudBus.anonymous.ZlHKRlGgRmGB3bjaH8g-yw.errors
2022-06-04 18:51:13.677  INFO 21056 --- [restartedMain] c.l.p.PhotoAppAlbumServiceApplication    : Started PhotoAppAlbumServiceApplication in 19.263 seconds (JVM running for 22.707)
2022-06-04 18:51:17.646  WARN 21056 --- [springCloudBus.anonymous.ZlHKRlGgRmGB3bjaH8g-yw-1] o.s.a.r.l.SimpleMessageListenerContainer : Consumer raised exception, processing can restart if the connection factory supports it. Exception summary: org.springframework.amqp.AmqpConnectException: java.net.ConnectException: Connection refused: no further information
2022-06-04 18:51:17.650  INFO 21056 --- [springCloudBus.anonymous.ZlHKRlGgRmGB3bjaH8g-yw-1] o.s.a.r.l.SimpleMessageListenerContainer : Restarting Consumer@38c930c0: tags=[[]], channel=null, acknowledgeMode=AUTO local queue size=0
2022-06-04 18:51:17.653  INFO 21056 --- [springCloudBus.anonymous.ZlHKRlGgRmGB3bjaH8g-yw-2] o.s.a.r.c.CachingConnectionFactory       : Attempting to connect to: [localhost:5672]
2022-06-04 18:51:22.834  WARN 21056 --- [springCloudBus.anonymous.ZlHKRlGgRmGB3bjaH8g-yw-2] o.s.a.r.l.SimpleMessageListenerContainer : Consumer raised exception, processing can restart if the connection factory supports it. Exception summary: org.springframework.amqp.AmqpConnectException: java.net.ConnectException: Connection refused: no further information
2022-06-04 18:51:22.835  INFO 21056 --- [springCloudBus.anonymous.ZlHKRlGgRmGB3bjaH8g-yw-2] o.s.a.r.l.SimpleMessageListenerContainer : Restarting Consumer@1a84cfc4: tags=[[]], channel=null, acknowledgeMode=AUTO local queue size=0
2022-06-04 18:51:22.836  INFO 21056 --- [springCloudBus.anonymous.ZlHKRlGgRmGB3bjaH8g-yw-3] o.s.a.r.c.CachingConnectionFactory       : Attempting to connect to: [localhost:5672]
2022-06-04 18:51:27.977  WARN 21056 --- [springCloudBus.anonymous.ZlHKRlGgRmGB3bjaH8g-yw-3] o.s.a.r.l.SimpleMessageListenerContainer : Consumer raised exception, processing can restart if the connection factory supports it. Exception summary: org.springframework.amqp.AmqpConnectException: java.net.ConnectException: Connection refused: no further information
2022-06-04 18:51:27.978  INFO 21056 --- [springCloudBus.anonymous.ZlHKRlGgRmGB3bjaH8g-yw-3] o.s.a.r.l.SimpleMessageListenerContainer : Restarting Consumer@46a8b43a: tags=[[]], channel=null, acknowledgeMode=AUTO local queue size=0
2022-06-04 18:51:27.979  INFO 21056 --- [springCloudBus.anonymous.ZlHKRlGgRmGB3bjaH8g-yw-4] o.s.a.r.c.CachingConnectionFactory       : Attempting to connect to: [localhost:5672]
2022-06-04 18:51:33.142  WARN 21056 --- [springCloudBus.anonymous.ZlHKRlGgRmGB3bjaH8g-yw-4] o.s.a.r.l.SimpleMessageListenerContainer : Consumer raised exception, processing can restart if the connection factory supports it. Exception summary: org.springframework.amqp.AmqpConnectException: java.net.ConnectException: Connection refused: no further information
2022-06-04 18:51:33.143  INFO 21056 --- [springCloudBus.anonymous.ZlHKRlGgRmGB3bjaH8g-yw-4] o.s.a.r.l.SimpleMessageListenerContainer : Restarting Consumer@5b6f2c4f: tags=[[]], channel=null, acknowledgeMode=AUTO local queue size=0
2022-06-04 18:51:33.144  INFO 21056 --- [springCloudBus.anonymous.ZlHKRlGgRmGB3bjaH8g-yw-5] o.s.a.r.c.CachingConnectionFactory       : Attempting to connect to: [localhost:5672]
2022-06-04 18:51:38.291  WARN 21056 --- [springCloudBus.anonymous.ZlHKRlGgRmGB3bjaH8g-yw-5] o.s.a.r.l.SimpleMessageListenerContainer : Consumer raised exception, processing can restart if the connection factory supports it. Exception summary: org.springframework.amqp.AmqpConnectException: java.net.ConnectException: Connection refused: no further information
2022-06-04 18:51:38.292  INFO 21056 --- [springCloudBus.anonymous.ZlHKRlGgRmGB3bjaH8g-yw-5] o.s.a.r.l.SimpleMessageListenerContainer : Restarting Consumer@41ae3e90: tags=[[]], channel=null, acknowledgeMode=AUTO local queue size=0
2022-06-04 18:51:38.293  INFO 21056 --- [springCloudBus.anonymous.ZlHKRlGgRmGB3bjaH8g-yw-6] o.s.a.r.c.CachingConnectionFactory       : Attempting to connect to: [localhost:5672]
2022-06-04 18:51:43.423  WARN 21056 --- [springCloudBus.anonymous.ZlHKRlGgRmGB3bjaH8g-yw-6] o.s.a.r.l.SimpleMessageListenerContainer : Consumer raised exception, processing can restart if the connection factory supports it. Exception summary: org.springframework.amqp.AmqpConnectException: java.net.ConnectException: Connection refused: no further information
2022-06-04 18:51:43.423  INFO 21056 --- [springCloudBus.anonymous.ZlHKRlGgRmGB3bjaH8g-yw-6] o.s.a.r.l.SimpleMessageListenerContainer : Restarting Consumer@4b82c876: tags=[[]], channel=null, acknowledgeMode=AUTO local queue size=0
2022-06-04 18:51:43.424  INFO 21056 --- [springCloudBus.anonymous.ZlHKRlGgRmGB3bjaH8g-yw-7] o.s.a.r.c.CachingConnectionFactory       : Attempting to connect to: [localhost:5672]
2022-06-04 18:51:48.550  WARN 21056 --- [springCloudBus.anonymous.ZlHKRlGgRmGB3bjaH8g-yw-7] o.s.a.r.l.SimpleMessageListenerContainer : Consumer raised exception, processing can restart if the connection factory supports it. Exception summary: org.springframework.amqp.AmqpConnectException: java.net.ConnectException: Connection refused: no further information
2022-06-04 18:51:48.551  INFO 21056 --- [springCloudBus.anonymous.ZlHKRlGgRmGB3bjaH8g-yw-7] o.s.a.r.l.SimpleMessageListenerContainer : Restarting Consumer@11f778b3: tags=[[]], channel=null, acknowledgeMode=AUTO local queue size=0
2022-06-04 18:51:48.552  INFO 21056 --- [springCloudBus.anonymous.ZlHKRlGgRmGB3bjaH8g-yw-8] o.s.a.r.c.CachingConnectionFactory       : Attempting to connect to: [localhost:5672]
2022-06-04 18:51:53.695  WARN 21056 --- [springCloudBus.anonymous.ZlHKRlGgRmGB3bjaH8g-yw-8] o.s.a.r.l.SimpleMessageListenerContainer : Consumer raised exception, processing can restart if the connection factory supports it. Exception summary: org.springframework.amqp.AmqpConnectException: java.net.ConnectException: Connection refused: no further information
2022-06-04 18:51:53.696  INFO 21056 --- [springCloudBus.anonymous.ZlHKRlGgRmGB3bjaH8g-yw-8] o.s.a.r.l.SimpleMessageListenerContainer : Restarting Consumer@443cc13a: tags=[[]], channel=null, acknowledgeMode=AUTO local queue size=0
2022-06-04 18:51:53.697  INFO 21056 --- [springCloudBus.anonymous.ZlHKRlGgRmGB3bjaH8g-yw-9] o.s.a.r.c.CachingConnectionFactory       : Attempting to connect to: [localhost:5672]
2022-06-04 18:51:58.816  WARN 21056 --- [springCloudBus.anonymous.ZlHKRlGgRmGB3bjaH8g-yw-9] o.s.a.r.l.SimpleMessageListenerContainer : Consumer raised exception, processing can restart if the connection factory supports it. Exception summary: org.springframework.amqp.AmqpConnectException: java.net.ConnectException: Connection refused: no further information
2022-06-04 18:51:58.817  INFO 21056 --- [springCloudBus.anonymous.ZlHKRlGgRmGB3bjaH8g-yw-9] o.s.a.r.l.SimpleMessageListenerContainer : Restarting Consumer@5c191d9e: tags=[[]], channel=null, acknowledgeMode=AUTO local queue size=0
2022-06-04 18:51:58.818  INFO 21056 --- [springCloudBus.anonymous.ZlHKRlGgRmGB3bjaH8g-yw-10] o.s.a.r.c.CachingConnectionFactory       : Attempting to connect to: [localhost:5672]
2022-06-04 18:52:03.949  WARN 21056 --- [springCloudBus.anonymous.ZlHKRlGgRmGB3bjaH8g-yw-10] o.s.a.r.l.SimpleMessageListenerContainer : Consumer raised exception, processing can restart if the connection factory supports it. Exception summary: org.springframework.amqp.AmqpConnectException: java.net.ConnectException: Connection refused: no further information
2022-06-04 18:52:03.950  INFO 21056 --- [springCloudBus.anonymous.ZlHKRlGgRmGB3bjaH8g-yw-10] o.s.a.r.l.SimpleMessageListenerContainer : Restarting Consumer@185710c4: tags=[[]], channel=null, acknowledgeMode=AUTO local queue size=0
2022-06-04 18:52:03.951  INFO 21056 --- [springCloudBus.anonymous.ZlHKRlGgRmGB3bjaH8g-yw-11] o.s.a.r.c.CachingConnectionFactory       : Attempting to connect to: [localhost:5672]
2022-06-04 18:52:09.077  WARN 21056 --- [springCloudBus.anonymous.ZlHKRlGgRmGB3bjaH8g-yw-11] o.s.a.r.l.SimpleMessageListenerContainer : Consumer raised exception, processing can restart if the connection factory supports it. Exception summary: org.springframework.amqp.AmqpConnectException: java.net.ConnectException: Connection refused: no further information
2022-06-04 18:52:09.079  INFO 21056 --- [springCloudBus.anonymous.ZlHKRlGgRmGB3bjaH8g-yw-11] o.s.a.r.l.SimpleMessageListenerContainer : Restarting Consumer@126a5248: tags=[[]], channel=null, acknowledgeMode=AUTO local queue size=0
2022-06-04 18:52:09.082  INFO 21056 --- [springCloudBus.anonymous.ZlHKRlGgRmGB3bjaH8g-yw-12] o.s.a.r.c.CachingConnectionFactory       : Attempting to connect to: [localhost:5672]
2022-06-04 18:52:14.186  WARN 21056 --- [springCloudBus.anonymous.ZlHKRlGgRmGB3bjaH8g-yw-12] o.s.a.r.l.SimpleMessageListenerContainer : Consumer raised exception, processing can restart if the connection factory supports it. Exception summary: org.springframework.amqp.AmqpConnectException: java.net.ConnectException: Connection refused: no further information
2022-06-04 18:52:14.189  INFO 21056 --- [springCloudBus.anonymous.ZlHKRlGgRmGB3bjaH8g-yw-12] o.s.a.r.l.SimpleMessageListenerContainer : Restarting Consumer@5c33a4a9: tags=[[]], channel=null, acknowledgeMode=AUTO local queue size=0
2022-06-04 18:52:14.191  INFO 21056 --- [springCloudBus.anonymous.ZlHKRlGgRmGB3bjaH8g-yw-13] o.s.a.r.c.CachingConnectionFactory       : Attempting to connect to: [localhost:5672]
2022-06-04 18:52:19.296  WARN 21056 --- [springCloudBus.anonymous.ZlHKRlGgRmGB3bjaH8g-yw-13] o.s.a.r.l.SimpleMessageListenerContainer : Consumer raised exception, processing can restart if the connection factory supports it. Exception summary: org.springframework.amqp.AmqpConnectException: java.net.ConnectException: Connection refused: no further information
2022-06-04 18:52:19.297  INFO 21056 --- [springCloudBus.anonymous.ZlHKRlGgRmGB3bjaH8g-yw-13] o.s.a.r.l.SimpleMessageListenerContainer : Restarting Consumer@3edbe87a: tags=[[]], channel=null, acknowledgeMode=AUTO local queue size=0
2022-06-04 18:52:19.299  INFO 21056 --- [springCloudBus.anonymous.ZlHKRlGgRmGB3bjaH8g-yw-14] o.s.a.r.c.CachingConnectionFactory       : Attempting to connect to: [localhost:5672]
2022-06-04 18:52:24.425  WARN 21056 --- [springCloudBus.anonymous.ZlHKRlGgRmGB3bjaH8g-yw-14] o.s.a.r.l.SimpleMessageListenerContainer : Consumer raised exception, processing can restart if the connection factory supports it. Exception summary: org.springframework.amqp.AmqpConnectException: java.net.ConnectException: Connection refused: no further information
2022-06-04 18:52:24.425  INFO 21056 --- [springCloudBus.anonymous.ZlHKRlGgRmGB3bjaH8g-yw-14] o.s.a.r.l.SimpleMessageListenerContainer : Restarting Consumer@7740a05d: tags=[[]], channel=null, acknowledgeMode=AUTO local queue size=0
2022-06-04 18:52:24.426  INFO 21056 --- [springCloudBus.anonymous.ZlHKRlGgRmGB3bjaH8g-yw-15] o.s.a.r.c.CachingConnectionFactory       : Attempting to connect to: [localhost:5672]
2022-06-04 18:52:29.550  WARN 21056 --- [springCloudBus.anonymous.ZlHKRlGgRmGB3bjaH8g-yw-15] o.s.a.r.l.SimpleMessageListenerContainer : Consumer raised exception, processing can restart if the connection factory supports it. Exception summary: org.springframework.amqp.AmqpConnectException: java.net.ConnectException: Connection refused: no further information
2022-06-04 18:52:29.550  INFO 21056 --- [springCloudBus.anonymous.ZlHKRlGgRmGB3bjaH8g-yw-15] o.s.a.r.l.SimpleMessageListenerContainer : Restarting Consumer@251f4a1: tags=[[]], channel=null, acknowledgeMode=AUTO local queue size=0
2022-06-04 18:52:29.550  INFO 21056 --- [springCloudBus.anonymous.ZlHKRlGgRmGB3bjaH8g-yw-16] o.s.a.r.c.CachingConnectionFactory       : Attempting to connect to: [localhost:5672]
2022-06-04 18:52:34.667  WARN 21056 --- [springCloudBus.anonymous.ZlHKRlGgRmGB3bjaH8g-yw-16] o.s.a.r.l.SimpleMessageListenerContainer : Consumer raised exception, processing can restart if the connection factory supports it. Exception summary: org.springframework.amqp.AmqpConnectException: java.net.ConnectException: Connection refused: no further information
2022-06-04 18:52:34.669  INFO 21056 --- [springCloudBus.anonymous.ZlHKRlGgRmGB3bjaH8g-yw-16] o.s.a.r.l.SimpleMessageListenerContainer : Restarting Consumer@69bc0e9b: tags=[[]], channel=null, acknowledgeMode=AUTO local queue size=0
2022-06-04 18:52:34.671  INFO 21056 --- [springCloudBus.anonymous.ZlHKRlGgRmGB3bjaH8g-yw-17] o.s.a.r.c.CachingConnectionFactory       : Attempting to connect to: [localhost:5672]
2022-06-04 18:52:39.827  WARN 21056 --- [springCloudBus.anonymous.ZlHKRlGgRmGB3bjaH8g-yw-17] o.s.a.r.l.SimpleMessageListenerContainer : Consumer raised exception, processing can restart if the connection factory supports it. Exception summary: org.springframework.amqp.AmqpConnectException: java.net.ConnectException: Connection refused: no further information
2022-06-04 18:52:39.828  INFO 21056 --- [springCloudBus.anonymous.ZlHKRlGgRmGB3bjaH8g-yw-17] o.s.a.r.l.SimpleMessageListenerContainer : Restarting Consumer@522bf3da: tags=[[]], channel=null, acknowledgeMode=AUTO local queue size=0
2022-06-04 18:52:39.830  INFO 21056 --- [springCloudBus.anonymous.ZlHKRlGgRmGB3bjaH8g-yw-18] o.s.a.r.c.CachingConnectionFactory       : Attempting to connect to: [localhost:5672]
2022-06-04 18:52:45.005  WARN 21056 --- [springCloudBus.anonymous.ZlHKRlGgRmGB3bjaH8g-yw-18] o.s.a.r.l.SimpleMessageListenerContainer : Consumer raised exception, processing can restart if the connection factory supports it. Exception summary: org.springframework.amqp.AmqpConnectException: java.net.ConnectException: Connection refused: no further information
2022-06-04 18:52:45.006  INFO 21056 --- [springCloudBus.anonymous.ZlHKRlGgRmGB3bjaH8g-yw-18] o.s.a.r.l.SimpleMessageListenerContainer : Restarting Consumer@50070083: tags=[[]], channel=null, acknowledgeMode=AUTO local queue size=0
2022-06-04 18:52:45.009  INFO 21056 --- [springCloudBus.anonymous.ZlHKRlGgRmGB3bjaH8g-yw-19] o.s.a.r.c.CachingConnectionFactory       : Attempting to connect to: [localhost:5672]
2022-06-04 18:52:50.036  WARN 21056 --- [springCloudBus.anonymous.ZlHKRlGgRmGB3bjaH8g-yw-19] o.s.a.r.l.SimpleMessageListenerContainer : Consumer raised exception, processing can restart if the connection factory supports it. Exception summary: org.springframework.amqp.AmqpConnectException: java.net.ConnectException: Connection refused: no further information
2022-06-04 18:52:50.039  INFO 21056 --- [springCloudBus.anonymous.ZlHKRlGgRmGB3bjaH8g-yw-19] o.s.a.r.l.SimpleMessageListenerContainer : Restarting Consumer@20f53375: tags=[[]], channel=null, acknowledgeMode=AUTO local queue size=0
2022-06-04 18:52:50.043  INFO 21056 --- [springCloudBus.anonymous.ZlHKRlGgRmGB3bjaH8g-yw-20] o.s.a.r.c.CachingConnectionFactory       : Attempting to connect to: [localhost:5672]
2022-06-04 18:52:55.202  WARN 21056 --- [springCloudBus.anonymous.ZlHKRlGgRmGB3bjaH8g-yw-20] o.s.a.r.l.SimpleMessageListenerContainer : Consumer raised exception, processing can restart if the connection factory supports it. Exception summary: org.springframework.amqp.AmqpConnectException: java.net.ConnectException: Connection refused: no further information
2022-06-04 18:52:55.203  INFO 21056 --- [springCloudBus.anonymous.ZlHKRlGgRmGB3bjaH8g-yw-20] o.s.a.r.l.SimpleMessageListenerContainer : Restarting Consumer@68d3187a: tags=[[]], channel=null, acknowledgeMode=AUTO local queue size=0
2022-06-04 18:52:55.204  INFO 21056 --- [springCloudBus.anonymous.ZlHKRlGgRmGB3bjaH8g-yw-21] o.s.a.r.c.CachingConnectionFactory       : Attempting to connect to: [localhost:5672]
2022-06-04 18:53:00.344  WARN 21056 --- [springCloudBus.anonymous.ZlHKRlGgRmGB3bjaH8g-yw-21] o.s.a.r.l.SimpleMessageListenerContainer : Consumer raised exception, processing can restart if the connection factory supports it. Exception summary: org.springframework.amqp.AmqpConnectException: java.net.ConnectException: Connection refused: no further information
2022-06-04 18:53:00.345  INFO 21056 --- [springCloudBus.anonymous.ZlHKRlGgRmGB3bjaH8g-yw-21] o.s.a.r.l.SimpleMessageListenerContainer : Restarting Consumer@7fe0bcfe: tags=[[]], channel=null, acknowledgeMode=AUTO local queue size=0
2022-06-04 18:53:00.346  INFO 21056 --- [springCloudBus.anonymous.ZlHKRlGgRmGB3bjaH8g-yw-22] o.s.a.r.c.CachingConnectionFactory       : Attempting to connect to: [localhost:5672]
2022-06-04 18:53:05.462  WARN 21056 --- [springCloudBus.anonymous.ZlHKRlGgRmGB3bjaH8g-yw-22] o.s.a.r.l.SimpleMessageListenerContainer : Consumer raised exception, processing can restart if the connection factory supports it. Exception summary: org.springframework.amqp.AmqpConnectException: java.net.ConnectException: Connection refused: no further information
2022-06-04 18:53:05.463  INFO 21056 --- [springCloudBus.anonymous.ZlHKRlGgRmGB3bjaH8g-yw-22] o.s.a.r.l.SimpleMessageListenerContainer : Restarting Consumer@7eae704d: tags=[[]], channel=null, acknowledgeMode=AUTO local queue size=0
2022-06-04 18:53:05.464  INFO 21056 --- [springCloudBus.anonymous.ZlHKRlGgRmGB3bjaH8g-yw-23] o.s.a.r.c.CachingConnectionFactory       : Attempting to connect to: [localhost:5672]
2022-06-04 18:53:10.599  WARN 21056 --- [springCloudBus.anonymous.ZlHKRlGgRmGB3bjaH8g-yw-23] o.s.a.r.l.SimpleMessageListenerContainer : Consumer raised exception, processing can restart if the connection factory supports it. Exception summary: org.springframework.amqp.AmqpConnectException: java.net.ConnectException: Connection refused: no further information
2022-06-04 18:53:10.600  INFO 21056 --- [springCloudBus.anonymous.ZlHKRlGgRmGB3bjaH8g-yw-23] o.s.a.r.l.SimpleMessageListenerContainer : Restarting Consumer@2b82626b: tags=[[]], channel=null, acknowledgeMode=AUTO local queue size=0
2022-06-04 18:53:10.601  INFO 21056 --- [springCloudBus.anonymous.ZlHKRlGgRmGB3bjaH8g-yw-24] o.s.a.r.c.CachingConnectionFactory       : Attempting to connect to: [localhost:5672]
2022-06-04 18:53:15.740  WARN 21056 --- [springCloudBus.anonymous.ZlHKRlGgRmGB3bjaH8g-yw-24] o.s.a.r.l.SimpleMessageListenerContainer : Consumer raised exception, processing can restart if the connection factory supports it. Exception summary: org.springframework.amqp.AmqpConnectException: java.net.ConnectException: Connection refused: no further information
2022-06-04 18:53:15.741  INFO 21056 --- [springCloudBus.anonymous.ZlHKRlGgRmGB3bjaH8g-yw-24] o.s.a.r.l.SimpleMessageListenerContainer : Restarting Consumer@67afff97: tags=[[]], channel=null, acknowledgeMode=AUTO local queue size=0
2022-06-04 18:53:15.742  INFO 21056 --- [springCloudBus.anonymous.ZlHKRlGgRmGB3bjaH8g-yw-25] o.s.a.r.c.CachingConnectionFactory       : Attempting to connect to: [localhost:5672]
2022-06-04 18:53:20.863  WARN 21056 --- [springCloudBus.anonymous.ZlHKRlGgRmGB3bjaH8g-yw-25] o.s.a.r.l.SimpleMessageListenerContainer : Consumer raised exception, processing can restart if the connection factory supports it. Exception summary: org.springframework.amqp.AmqpConnectException: java.net.ConnectException: Connection refused: no further information
2022-06-04 18:53:20.865  INFO 21056 --- [springCloudBus.anonymous.ZlHKRlGgRmGB3bjaH8g-yw-25] o.s.a.r.l.SimpleMessageListenerContainer : Restarting Consumer@2a36895e: tags=[[]], channel=null, acknowledgeMode=AUTO local queue size=0
2022-06-04 18:53:20.868  INFO 21056 --- [springCloudBus.anonymous.ZlHKRlGgRmGB3bjaH8g-yw-26] o.s.a.r.c.CachingConnectionFactory       : Attempting to connect to: [localhost:5672]
2022-06-04 18:53:25.993  WARN 21056 --- [springCloudBus.anonymous.ZlHKRlGgRmGB3bjaH8g-yw-26] o.s.a.r.l.SimpleMessageListenerContainer : Consumer raised exception, processing can restart if the connection factory supports it. Exception summary: org.springframework.amqp.AmqpConnectException: java.net.ConnectException: Connection refused: no further information
2022-06-04 18:53:25.994  INFO 21056 --- [springCloudBus.anonymous.ZlHKRlGgRmGB3bjaH8g-yw-26] o.s.a.r.l.SimpleMessageListenerContainer : Restarting Consumer@6c2e6e45: tags=[[]], channel=null, acknowledgeMode=AUTO local queue size=0
2022-06-04 18:53:25.996  INFO 21056 --- [springCloudBus.anonymous.ZlHKRlGgRmGB3bjaH8g-yw-27] o.s.a.r.c.CachingConnectionFactory       : Attempting to connect to: [localhost:5672]
2022-06-04 18:53:31.130  WARN 21056 --- [springCloudBus.anonymous.ZlHKRlGgRmGB3bjaH8g-yw-27] o.s.a.r.l.SimpleMessageListenerContainer : Consumer raised exception, processing can restart if the connection factory supports it. Exception summary: org.springframework.amqp.AmqpConnectException: java.net.ConnectException: Connection refused: no further information
2022-06-04 18:53:31.130  INFO 21056 --- [springCloudBus.anonymous.ZlHKRlGgRmGB3bjaH8g-yw-27] o.s.a.r.l.SimpleMessageListenerContainer : Restarting Consumer@5a2ee252: tags=[[]], channel=null, acknowledgeMode=AUTO local queue size=0
2022-06-04 18:53:31.132  INFO 21056 --- [springCloudBus.anonymous.ZlHKRlGgRmGB3bjaH8g-yw-28] o.s.a.r.c.CachingConnectionFactory       : Attempting to connect to: [localhost:5672]
2022-06-04 18:53:36.262  WARN 21056 --- [springCloudBus.anonymous.ZlHKRlGgRmGB3bjaH8g-yw-28] o.s.a.r.l.SimpleMessageListenerContainer : Consumer raised exception, processing can restart if the connection factory supports it. Exception summary: org.springframework.amqp.AmqpConnectException: java.net.ConnectException: Connection refused: no further information
2022-06-04 18:53:36.263  INFO 21056 --- [springCloudBus.anonymous.ZlHKRlGgRmGB3bjaH8g-yw-28] o.s.a.r.l.SimpleMessageListenerContainer : Restarting Consumer@2650069f: tags=[[]], channel=null, acknowledgeMode=AUTO local queue size=0
2022-06-04 18:53:36.264  INFO 21056 --- [springCloudBus.anonymous.ZlHKRlGgRmGB3bjaH8g-yw-29] o.s.a.r.c.CachingConnectionFactory       : Attempting to connect to: [localhost:5672]
2022-06-04 18:53:41.392  WARN 21056 --- [springCloudBus.anonymous.ZlHKRlGgRmGB3bjaH8g-yw-29] o.s.a.r.l.SimpleMessageListenerContainer : Consumer raised exception, processing can restart if the connection factory supports it. Exception summary: org.springframework.amqp.AmqpConnectException: java.net.ConnectException: Connection refused: no further information
2022-06-04 18:53:41.393  INFO 21056 --- [springCloudBus.anonymous.ZlHKRlGgRmGB3bjaH8g-yw-29] o.s.a.r.l.SimpleMessageListenerContainer : Restarting Consumer@4c62b21f: tags=[[]], channel=null, acknowledgeMode=AUTO local queue size=0
2022-06-04 18:53:41.395  INFO 21056 --- [springCloudBus.anonymous.ZlHKRlGgRmGB3bjaH8g-yw-30] o.s.a.r.c.CachingConnectionFactory       : Attempting to connect to: [localhost:5672]
2022-06-04 18:53:46.530  WARN 21056 --- [springCloudBus.anonymous.ZlHKRlGgRmGB3bjaH8g-yw-30] o.s.a.r.l.SimpleMessageListenerContainer : Consumer raised exception, processing can restart if the connection factory supports it. Exception summary: org.springframework.amqp.AmqpConnectException: java.net.ConnectException: Connection refused: no further information
2022-06-04 18:53:46.531  INFO 21056 --- [springCloudBus.anonymous.ZlHKRlGgRmGB3bjaH8g-yw-30] o.s.a.r.l.SimpleMessageListenerContainer : Restarting Consumer@239d3aca: tags=[[]], channel=null, acknowledgeMode=AUTO local queue size=0
2022-06-04 18:53:46.533  INFO 21056 --- [springCloudBus.anonymous.ZlHKRlGgRmGB3bjaH8g-yw-31] o.s.a.r.c.CachingConnectionFactory       : Attempting to connect to: [localhost:5672]
2022-06-04 18:53:51.667  WARN 21056 --- [springCloudBus.anonymous.ZlHKRlGgRmGB3bjaH8g-yw-31] o.s.a.r.l.SimpleMessageListenerContainer : Consumer raised exception, processing can restart if the connection factory supports it. Exception summary: org.springframework.amqp.AmqpConnectException: java.net.ConnectException: Connection refused: no further information
2022-06-04 18:53:51.669  INFO 21056 --- [springCloudBus.anonymous.ZlHKRlGgRmGB3bjaH8g-yw-31] o.s.a.r.l.SimpleMessageListenerContainer : Restarting Consumer@5c3a6a32: tags=[[]], channel=null, acknowledgeMode=AUTO local queue size=0
2022-06-04 18:53:51.672  INFO 21056 --- [springCloudBus.anonymous.ZlHKRlGgRmGB3bjaH8g-yw-32] o.s.a.r.c.CachingConnectionFactory       : Attempting to connect to: [localhost:5672]
2022-06-04 18:53:56.794  WARN 21056 --- [springCloudBus.anonymous.ZlHKRlGgRmGB3bjaH8g-yw-32] o.s.a.r.l.SimpleMessageListenerContainer : Consumer raised exception, processing can restart if the connection factory supports it. Exception summary: org.springframework.amqp.AmqpConnectException: java.net.ConnectException: Connection refused: no further information
2022-06-04 18:53:56.795  INFO 21056 --- [springCloudBus.anonymous.ZlHKRlGgRmGB3bjaH8g-yw-32] o.s.a.r.l.SimpleMessageListenerContainer : Restarting Consumer@7282f6fb: tags=[[]], channel=null, acknowledgeMode=AUTO local queue size=0
2022-06-04 18:53:56.797  INFO 21056 --- [springCloudBus.anonymous.ZlHKRlGgRmGB3bjaH8g-yw-33] o.s.a.r.c.CachingConnectionFactory       : Attempting to connect to: [localhost:5672]
2022-06-04 18:54:01.915  WARN 21056 --- [springCloudBus.anonymous.ZlHKRlGgRmGB3bjaH8g-yw-33] o.s.a.r.l.SimpleMessageListenerContainer : Consumer raised exception, processing can restart if the connection factory supports it. Exception summary: org.springframework.amqp.AmqpConnectException: java.net.ConnectException: Connection refused: no further information
2022-06-04 18:54:01.916  INFO 21056 --- [springCloudBus.anonymous.ZlHKRlGgRmGB3bjaH8g-yw-33] o.s.a.r.l.SimpleMessageListenerContainer : Restarting Consumer@46c15254: tags=[[]], channel=null, acknowledgeMode=AUTO local queue size=0
2022-06-04 18:54:01.919  INFO 21056 --- [springCloudBus.anonymous.ZlHKRlGgRmGB3bjaH8g-yw-34] o.s.a.r.c.CachingConnectionFactory       : Attempting to connect to: [localhost:5672]
2022-06-04 18:54:05.378  INFO 21056 --- [RMI TCP Connection(12)-127.0.0.1] inMXBeanRegistrar$SpringApplicationAdmin : Application shutdown requested.
2022-06-04 18:54:05.381  INFO 21056 --- [RMI TCP Connection(12)-127.0.0.1] o.s.c.n.e.s.EurekaServiceRegistry        : Unregistering application ALBUM-SERVICE with eureka with status DOWN
2022-06-04 18:54:05.381  INFO 21056 --- [RMI TCP Connection(12)-127.0.0.1] com.netflix.discovery.DiscoveryClient    : Saw local status change event StatusChangeEvent [timestamp=1654386845381, current=DOWN, previous=UP]
2022-06-04 18:54:05.382  INFO 21056 --- [DiscoveryClient-InstanceInfoReplicator-0] com.netflix.discovery.DiscoveryClient    : DiscoveryClient_ALBUM-SERVICE/ALBUM-SERVICE:8d1ad5b047904cef087b39439d18d005: registering service...
2022-06-04 18:54:05.399  INFO 21056 --- [DiscoveryClient-InstanceInfoReplicator-0] com.netflix.discovery.DiscoveryClient    : DiscoveryClient_ALBUM-SERVICE/ALBUM-SERVICE:8d1ad5b047904cef087b39439d18d005 - registration status: 204
2022-06-04 18:54:05.416  INFO 21056 --- [RMI TCP Connection(12)-127.0.0.1] o.apache.catalina.core.StandardService   : Stopping service [Tomcat]
2022-06-04 18:54:05.418  INFO 21056 --- [RMI TCP Connection(12)-127.0.0.1] o.a.c.c.C.[Tomcat].[localhost].[/]       : Destroying Spring FrameworkServlet 'dispatcherServlet'
2022-06-04 18:54:05.435  INFO 21056 --- [RMI TCP Connection(12)-127.0.0.1] o.s.a.r.l.SimpleMessageListenerContainer : Waiting for workers to finish.
2022-06-04 18:54:05.436  INFO 21056 --- [RMI TCP Connection(12)-127.0.0.1] o.s.a.r.l.SimpleMessageListenerContainer : Successfully waited for workers to finish.
2022-06-04 18:54:05.436  INFO 21056 --- [RMI TCP Connection(12)-127.0.0.1] o.s.i.a.i.AmqpInboundChannelAdapter      : stopped bean 'inbound.springCloudBus.anonymous.ZlHKRlGgRmGB3bjaH8g-yw'
2022-06-04 18:54:05.439  INFO 21056 --- [RMI TCP Connection(12)-127.0.0.1] o.s.c.stream.binder.BinderErrorChannel   : Channel 'application-1.springCloudBus.anonymous.ZlHKRlGgRmGB3bjaH8g-yw.errors' has 1 subscriber(s).
2022-06-04 18:54:05.443  INFO 21056 --- [RMI TCP Connection(12)-127.0.0.1] o.s.i.endpoint.EventDrivenConsumer       : Removing {logging-channel-adapter:_org.springframework.integration.errorLogger} as a subscriber to the 'errorChannel' channel
2022-06-04 18:54:05.444  INFO 21056 --- [RMI TCP Connection(12)-127.0.0.1] o.s.i.channel.PublishSubscribeChannel    : Channel 'application-1.errorChannel' has 0 subscriber(s).
2022-06-04 18:54:05.445  INFO 21056 --- [RMI TCP Connection(12)-127.0.0.1] o.s.i.endpoint.EventDrivenConsumer       : stopped bean '_org.springframework.integration.errorLogger'
2022-06-04 18:54:05.467  INFO 21056 --- [RMI TCP Connection(12)-127.0.0.1] com.netflix.discovery.DiscoveryClient    : Shutting down DiscoveryClient ...
2022-06-04 18:56:57.717  INFO 19616 --- [restartedMain] c.c.c.ConfigServicePropertySourceLocator : Fetching config from server at : http://localhost:8888
2022-06-04 18:56:58.170  INFO 19616 --- [restartedMain] c.c.c.ConfigServicePropertySourceLocator : Connect Timeout Exception on Url - http://localhost:8888. Will be trying the next url if available
2022-06-04 18:56:58.171  WARN 19616 --- [restartedMain] c.c.c.ConfigServicePropertySourceLocator : Could not locate PropertySource: I/O error on GET request for "http://localhost:8888/ALBUM-SERVICE/default": Connection refused: no further information; nested exception is java.net.ConnectException: Connection refused: no further information
2022-06-04 18:56:58.176  INFO 19616 --- [restartedMain] c.l.p.PhotoAppAlbumServiceApplication    : No active profile set, falling back to 1 default profile: "default"
2022-06-04 18:57:04.911  INFO 19616 --- [restartedMain] faultConfiguringBeanFactoryPostProcessor : No bean named 'errorChannel' has been explicitly defined. Therefore, a default PublishSubscribeChannel will be created.
2022-06-04 18:57:05.030  INFO 19616 --- [restartedMain] faultConfiguringBeanFactoryPostProcessor : No bean named 'integrationHeaderChannelRegistry' has been explicitly defined. Therefore, a default DefaultHeaderChannelRegistry will be created.
2022-06-04 18:57:05.558  INFO 19616 --- [restartedMain] o.s.cloud.context.scope.GenericScope     : BeanFactory id=3448e0e0-2279-359b-b196-e42e583d618d
2022-06-04 18:57:06.071  INFO 19616 --- [restartedMain] trationDelegate$BeanPostProcessorChecker : Bean 'org.springframework.integration.config.IntegrationManagementConfiguration' of type [org.springframework.integration.config.IntegrationManagementConfiguration] is not eligible for getting processed by all BeanPostProcessors (for example: not eligible for auto-proxying)
2022-06-04 18:57:06.111  INFO 19616 --- [restartedMain] trationDelegate$BeanPostProcessorChecker : Bean 'org.springframework.boot.autoconfigure.integration.IntegrationAutoConfiguration$IntegrationJmxConfiguration' of type [org.springframework.boot.autoconfigure.integration.IntegrationAutoConfiguration$IntegrationJmxConfiguration] is not eligible for getting processed by all BeanPostProcessors (for example: not eligible for auto-proxying)
2022-06-04 18:57:06.209  INFO 19616 --- [restartedMain] trationDelegate$BeanPostProcessorChecker : Bean 'org.springframework.boot.autoconfigure.jmx.JmxAutoConfiguration' of type [org.springframework.boot.autoconfigure.jmx.JmxAutoConfiguration] is not eligible for getting processed by all BeanPostProcessors (for example: not eligible for auto-proxying)
2022-06-04 18:57:06.242  INFO 19616 --- [restartedMain] trationDelegate$BeanPostProcessorChecker : Bean 'mbeanServer' of type [com.sun.jmx.mbeanserver.JmxMBeanServer] is not eligible for getting processed by all BeanPostProcessors (for example: not eligible for auto-proxying)
2022-06-04 18:57:06.337  INFO 19616 --- [restartedMain] trationDelegate$BeanPostProcessorChecker : Bean 'integrationChannelResolver' of type [org.springframework.integration.support.channel.BeanFactoryChannelResolver] is not eligible for getting processed by all BeanPostProcessors (for example: not eligible for auto-proxying)
2022-06-04 18:57:09.697  INFO 19616 --- [restartedMain] o.s.b.w.embedded.tomcat.TomcatWebServer  : Tomcat initialized with port(s): 0 (http)
2022-06-04 18:57:09.730  INFO 19616 --- [restartedMain] o.apache.catalina.core.StandardService   : Starting service [Tomcat]
2022-06-04 18:57:09.733  INFO 19616 --- [restartedMain] org.apache.catalina.core.StandardEngine  : Starting Servlet engine: [Apache Tomcat/9.0.62]
2022-06-04 18:57:10.163  INFO 19616 --- [restartedMain] o.a.c.c.C.[Tomcat].[localhost].[/]       : Initializing Spring embedded WebApplicationContext
2022-06-04 18:57:10.178  INFO 19616 --- [restartedMain] w.s.c.ServletWebServerApplicationContext : Root WebApplicationContext: initialization completed in 11927 ms
2022-06-04 18:57:17.400  INFO 19616 --- [restartedMain] o.s.c.s.m.DirectWithAttributesChannel    : Channel 'application-1.springCloudBusInput' has 1 subscriber(s).
2022-06-04 18:57:18.199  INFO 19616 --- [restartedMain] o.s.b.d.a.OptionalLiveReloadServer       : LiveReload server is running on port 35729
2022-06-04 18:57:18.368  INFO 19616 --- [RMI TCP Connection(4)-127.0.0.1] o.a.c.c.C.[Tomcat].[localhost].[/]       : Initializing Spring DispatcherServlet 'dispatcherServlet'
2022-06-04 18:57:18.369  INFO 19616 --- [RMI TCP Connection(4)-127.0.0.1] o.s.web.servlet.DispatcherServlet        : Initializing Servlet 'dispatcherServlet'
2022-06-04 18:57:19.225  INFO 19616 --- [RMI TCP Connection(4)-127.0.0.1] o.s.b.a.e.web.EndpointLinksResolver      : Exposing 1 endpoint(s) beneath base path '/actuator'
2022-06-04 18:57:19.274  INFO 19616 --- [restartedMain] DiscoveryClientOptionalArgsConfiguration : Eureka HTTP Client uses RestTemplate.
2022-06-04 18:57:19.272  INFO 19616 --- [RMI TCP Connection(4)-127.0.0.1] o.s.web.servlet.DispatcherServlet        : Completed initialization in 902 ms
2022-06-04 18:57:19.782  WARN 19616 --- [restartedMain] iguration$LoadBalancerCaffeineWarnLogger : Spring Cloud LoadBalancer is currently working with the default cache. While this cache implementation is useful for development and tests, it's recommended to use Caffeine cache in production.You can switch to using Caffeine cache, by adding it and org.springframework.cache.caffeine.CaffeineCacheManager to the classpath.
2022-06-04 18:57:20.450  INFO 19616 --- [restartedMain] o.s.i.monitor.IntegrationMBeanExporter   : Registering MessageChannel errorChannel
2022-06-04 18:57:20.611  INFO 19616 --- [restartedMain] o.s.i.monitor.IntegrationMBeanExporter   : Registering MessageChannel springCloudBusInput
2022-06-04 18:57:20.718  INFO 19616 --- [restartedMain] o.s.i.monitor.IntegrationMBeanExporter   : Registering MessageChannel nullChannel
2022-06-04 18:57:20.753  INFO 19616 --- [restartedMain] o.s.i.monitor.IntegrationMBeanExporter   : Registering MessageHandler _org.springframework.integration.errorLogger
2022-06-04 18:57:20.918  INFO 19616 --- [restartedMain] o.s.i.endpoint.EventDrivenConsumer       : Adding {logging-channel-adapter:_org.springframework.integration.errorLogger} as a subscriber to the 'errorChannel' channel
2022-06-04 18:57:20.919  INFO 19616 --- [restartedMain] o.s.i.channel.PublishSubscribeChannel    : Channel 'application-1.errorChannel' has 1 subscriber(s).
2022-06-04 18:57:20.921  INFO 19616 --- [restartedMain] o.s.i.endpoint.EventDrivenConsumer       : started bean '_org.springframework.integration.errorLogger'
2022-06-04 18:57:20.941  INFO 19616 --- [restartedMain] o.s.c.s.binder.DefaultBinderFactory      : Creating binder: rabbit
2022-06-04 18:57:21.199  INFO 19616 --- [restartedMain] o.s.c.s.binder.DefaultBinderFactory      : Caching the binder: rabbit
2022-06-04 18:57:21.199  INFO 19616 --- [restartedMain] o.s.c.s.binder.DefaultBinderFactory      : Retrieving cached binder: rabbit
2022-06-04 18:57:21.725  INFO 19616 --- [restartedMain] c.s.b.r.p.RabbitExchangeQueueProvisioner : declaring queue for inbound: springCloudBus.anonymous.OyfdXeKOQ2io50q-WJUcwA, bound to: springCloudBus
2022-06-04 18:57:21.742  INFO 19616 --- [restartedMain] o.s.a.r.c.CachingConnectionFactory       : Attempting to connect to: [localhost:5672]
2022-06-04 18:57:21.793  INFO 19616 --- [restartedMain] o.s.a.r.c.CachingConnectionFactory       : Attempting to connect to: [localhost:5672]
2022-06-04 18:57:21.801  INFO 19616 --- [restartedMain] o.s.a.r.c.CachingConnectionFactory       : Attempting to connect to: [localhost:5672]
2022-06-04 18:57:21.901  INFO 19616 --- [restartedMain] o.s.c.stream.binder.BinderErrorChannel   : Channel 'springCloudBus.anonymous.OyfdXeKOQ2io50q-WJUcwA.errors' has 1 subscriber(s).
2022-06-04 18:57:21.903  INFO 19616 --- [restartedMain] o.s.c.stream.binder.BinderErrorChannel   : Channel 'springCloudBus.anonymous.OyfdXeKOQ2io50q-WJUcwA.errors' has 2 subscriber(s).
2022-06-04 18:57:21.907  INFO 19616 --- [restartedMain] o.s.a.r.c.CachingConnectionFactory       : Attempting to connect to: [localhost:5672]
2022-06-04 18:57:21.910  INFO 19616 --- [restartedMain] o.s.a.r.l.SimpleMessageListenerContainer : Broker not available; cannot force queue declarations during start: java.net.ConnectException: Connection refused: no further information
2022-06-04 18:57:21.932  INFO 19616 --- [springCloudBus.anonymous.OyfdXeKOQ2io50q-WJUcwA-1] o.s.a.r.c.CachingConnectionFactory       : Attempting to connect to: [localhost:5672]
2022-06-04 18:57:21.942  INFO 19616 --- [restartedMain] o.s.i.a.i.AmqpInboundChannelAdapter      : started bean 'inbound.springCloudBus.anonymous.OyfdXeKOQ2io50q-WJUcwA'
2022-06-04 18:57:22.019  INFO 19616 --- [restartedMain] o.s.b.w.embedded.tomcat.TomcatWebServer  : Tomcat started on port(s): 51770 (http) with context path ''
2022-06-04 18:57:22.023  INFO 19616 --- [restartedMain] .s.c.n.e.s.EurekaAutoServiceRegistration : Updating port to 51770
2022-06-04 18:57:22.044  INFO 19616 --- [restartedMain] o.s.c.n.eureka.InstanceInfoFactory       : Setting initial instance status as: STARTING
2022-06-04 18:57:22.222  INFO 19616 --- [restartedMain] com.netflix.discovery.DiscoveryClient    : Initializing Eureka in region us-east-1
2022-06-04 18:57:22.241  INFO 19616 --- [restartedMain] c.n.d.s.r.aws.ConfigClusterResolver      : Resolving eureka endpoints via configuration
2022-06-04 18:57:22.331  INFO 19616 --- [restartedMain] com.netflix.discovery.DiscoveryClient    : Disable delta property : false
2022-06-04 18:57:22.332  INFO 19616 --- [restartedMain] com.netflix.discovery.DiscoveryClient    : Single vip registry refresh property : null
2022-06-04 18:57:22.332  INFO 19616 --- [restartedMain] com.netflix.discovery.DiscoveryClient    : Force full registry fetch : false
2022-06-04 18:57:22.332  INFO 19616 --- [restartedMain] com.netflix.discovery.DiscoveryClient    : Application is null : false
2022-06-04 18:57:22.333  INFO 19616 --- [restartedMain] com.netflix.discovery.DiscoveryClient    : Registered Applications size is zero : true
2022-06-04 18:57:22.333  INFO 19616 --- [restartedMain] com.netflix.discovery.DiscoveryClient    : Application version is -1: true
2022-06-04 18:57:22.333  INFO 19616 --- [restartedMain] com.netflix.discovery.DiscoveryClient    : Getting all instance registry info from the eureka server
2022-06-04 18:57:23.781  INFO 19616 --- [restartedMain] com.netflix.discovery.DiscoveryClient    : The response status is 200
2022-06-04 18:57:23.793  INFO 19616 --- [restartedMain] com.netflix.discovery.DiscoveryClient    : Starting heartbeat executor: renew interval is: 30
2022-06-04 18:57:23.808  INFO 19616 --- [restartedMain] c.n.discovery.InstanceInfoReplicator     : InstanceInfoReplicator onDemand update allowed rate per min is 4
2022-06-04 18:57:23.850  INFO 19616 --- [restartedMain] com.netflix.discovery.DiscoveryClient    : Discovery Client initialized at timestamp 1654387043847 with initial instances count: 0
2022-06-04 18:57:23.856  INFO 19616 --- [restartedMain] o.s.c.n.e.s.EurekaServiceRegistry        : Registering application ALBUM-SERVICE with eureka with status UP
2022-06-04 18:57:23.859  INFO 19616 --- [restartedMain] com.netflix.discovery.DiscoveryClient    : Saw local status change event StatusChangeEvent [timestamp=1654387043859, current=UP, previous=STARTING]
2022-06-04 18:57:23.863  INFO 19616 --- [DiscoveryClient-InstanceInfoReplicator-0] com.netflix.discovery.DiscoveryClient    : DiscoveryClient_ALBUM-SERVICE/ALBUM-SERVICE:34e40812514eef10296f4601743c9d45: registering service...
2022-06-04 18:57:23.942  INFO 19616 --- [DiscoveryClient-InstanceInfoReplicator-0] com.netflix.discovery.DiscoveryClient    : DiscoveryClient_ALBUM-SERVICE/ALBUM-SERVICE:34e40812514eef10296f4601743c9d45 - registration status: 204
2022-06-04 18:57:24.319  INFO 19616 --- [restartedMain] o.s.i.monitor.IntegrationMBeanExporter   : Registering MessageChannel springCloudBus.anonymous.OyfdXeKOQ2io50q-WJUcwA.errors
2022-06-04 18:57:24.436  INFO 19616 --- [restartedMain] c.l.p.PhotoAppAlbumServiceApplication    : Started PhotoAppAlbumServiceApplication in 35.343 seconds (JVM running for 39.031)
2022-06-04 18:57:26.983  WARN 19616 --- [springCloudBus.anonymous.OyfdXeKOQ2io50q-WJUcwA-1] o.s.a.r.l.SimpleMessageListenerContainer : Consumer raised exception, processing can restart if the connection factory supports it. Exception summary: org.springframework.amqp.AmqpConnectException: java.net.ConnectException: Connection refused: no further information
2022-06-04 18:57:26.988  INFO 19616 --- [springCloudBus.anonymous.OyfdXeKOQ2io50q-WJUcwA-1] o.s.a.r.l.SimpleMessageListenerContainer : Restarting Consumer@46b095d5: tags=[[]], channel=null, acknowledgeMode=AUTO local queue size=0
2022-06-04 18:57:26.992  INFO 19616 --- [springCloudBus.anonymous.OyfdXeKOQ2io50q-WJUcwA-2] o.s.a.r.c.CachingConnectionFactory       : Attempting to connect to: [localhost:5672]
2022-06-04 18:57:32.162  WARN 19616 --- [springCloudBus.anonymous.OyfdXeKOQ2io50q-WJUcwA-2] o.s.a.r.l.SimpleMessageListenerContainer : Consumer raised exception, processing can restart if the connection factory supports it. Exception summary: org.springframework.amqp.AmqpConnectException: java.net.ConnectException: Connection refused: no further information
2022-06-04 18:57:32.164  INFO 19616 --- [springCloudBus.anonymous.OyfdXeKOQ2io50q-WJUcwA-2] o.s.a.r.l.SimpleMessageListenerContainer : Restarting Consumer@465fb9d8: tags=[[]], channel=null, acknowledgeMode=AUTO local queue size=0
2022-06-04 18:57:32.165  INFO 19616 --- [springCloudBus.anonymous.OyfdXeKOQ2io50q-WJUcwA-3] o.s.a.r.c.CachingConnectionFactory       : Attempting to connect to: [localhost:5672]
2022-06-04 18:57:37.316  WARN 19616 --- [springCloudBus.anonymous.OyfdXeKOQ2io50q-WJUcwA-3] o.s.a.r.l.SimpleMessageListenerContainer : Consumer raised exception, processing can restart if the connection factory supports it. Exception summary: org.springframework.amqp.AmqpConnectException: java.net.ConnectException: Connection refused: no further information
2022-06-04 18:57:37.318  INFO 19616 --- [springCloudBus.anonymous.OyfdXeKOQ2io50q-WJUcwA-3] o.s.a.r.l.SimpleMessageListenerContainer : Restarting Consumer@3e01f58f: tags=[[]], channel=null, acknowledgeMode=AUTO local queue size=0
2022-06-04 18:57:37.319  INFO 19616 --- [springCloudBus.anonymous.OyfdXeKOQ2io50q-WJUcwA-4] o.s.a.r.c.CachingConnectionFactory       : Attempting to connect to: [localhost:5672]
2022-06-04 18:57:42.331  WARN 19616 --- [springCloudBus.anonymous.OyfdXeKOQ2io50q-WJUcwA-4] o.s.a.r.l.SimpleMessageListenerContainer : Consumer raised exception, processing can restart if the connection factory supports it. Exception summary: org.springframework.amqp.AmqpConnectException: java.net.ConnectException: Connection refused: no further information
2022-06-04 18:57:42.334  INFO 19616 --- [springCloudBus.anonymous.OyfdXeKOQ2io50q-WJUcwA-4] o.s.a.r.l.SimpleMessageListenerContainer : Restarting Consumer@39d60204: tags=[[]], channel=null, acknowledgeMode=AUTO local queue size=0
2022-06-04 18:57:42.338  INFO 19616 --- [springCloudBus.anonymous.OyfdXeKOQ2io50q-WJUcwA-5] o.s.a.r.c.CachingConnectionFactory       : Attempting to connect to: [localhost:5672]
2022-06-04 18:57:47.493  WARN 19616 --- [springCloudBus.anonymous.OyfdXeKOQ2io50q-WJUcwA-5] o.s.a.r.l.SimpleMessageListenerContainer : Consumer raised exception, processing can restart if the connection factory supports it. Exception summary: org.springframework.amqp.AmqpConnectException: java.net.ConnectException: Connection refused: no further information
2022-06-04 18:57:47.494  INFO 19616 --- [springCloudBus.anonymous.OyfdXeKOQ2io50q-WJUcwA-5] o.s.a.r.l.SimpleMessageListenerContainer : Restarting Consumer@53d4a820: tags=[[]], channel=null, acknowledgeMode=AUTO local queue size=0
2022-06-04 18:57:47.495  INFO 19616 --- [springCloudBus.anonymous.OyfdXeKOQ2io50q-WJUcwA-6] o.s.a.r.c.CachingConnectionFactory       : Attempting to connect to: [localhost:5672]
2022-06-04 18:57:52.628  WARN 19616 --- [springCloudBus.anonymous.OyfdXeKOQ2io50q-WJUcwA-6] o.s.a.r.l.SimpleMessageListenerContainer : Consumer raised exception, processing can restart if the connection factory supports it. Exception summary: org.springframework.amqp.AmqpConnectException: java.net.ConnectException: Connection refused: no further information
2022-06-04 18:57:52.629  INFO 19616 --- [springCloudBus.anonymous.OyfdXeKOQ2io50q-WJUcwA-6] o.s.a.r.l.SimpleMessageListenerContainer : Restarting Consumer@15474cf6: tags=[[]], channel=null, acknowledgeMode=AUTO local queue size=0
2022-06-04 18:57:52.630  INFO 19616 --- [springCloudBus.anonymous.OyfdXeKOQ2io50q-WJUcwA-7] o.s.a.r.c.CachingConnectionFactory       : Attempting to connect to: [localhost:5672]
2022-06-04 18:57:53.796  INFO 19616 --- [DiscoveryClient-CacheRefreshExecutor-0] com.netflix.discovery.DiscoveryClient    : Disable delta property : false
2022-06-04 18:57:53.796  INFO 19616 --- [DiscoveryClient-CacheRefreshExecutor-0] com.netflix.discovery.DiscoveryClient    : Single vip registry refresh property : null
2022-06-04 18:57:53.796  INFO 19616 --- [DiscoveryClient-CacheRefreshExecutor-0] com.netflix.discovery.DiscoveryClient    : Force full registry fetch : false
2022-06-04 18:57:53.796  INFO 19616 --- [DiscoveryClient-CacheRefreshExecutor-0] com.netflix.discovery.DiscoveryClient    : Application is null : false
2022-06-04 18:57:53.796  INFO 19616 --- [DiscoveryClient-CacheRefreshExecutor-0] com.netflix.discovery.DiscoveryClient    : Registered Applications size is zero : true
2022-06-04 18:57:53.796  INFO 19616 --- [DiscoveryClient-CacheRefreshExecutor-0] com.netflix.discovery.DiscoveryClient    : Application version is -1: false
2022-06-04 18:57:53.796  INFO 19616 --- [DiscoveryClient-CacheRefreshExecutor-0] com.netflix.discovery.DiscoveryClient    : Getting all instance registry info from the eureka server
2022-06-04 18:57:53.811  INFO 19616 --- [DiscoveryClient-CacheRefreshExecutor-0] com.netflix.discovery.DiscoveryClient    : The response status is 200
2022-06-04 18:57:57.790  WARN 19616 --- [springCloudBus.anonymous.OyfdXeKOQ2io50q-WJUcwA-7] o.s.a.r.l.SimpleMessageListenerContainer : Consumer raised exception, processing can restart if the connection factory supports it. Exception summary: org.springframework.amqp.AmqpConnectException: java.net.ConnectException: Connection refused: no further information
2022-06-04 18:57:57.791  INFO 19616 --- [springCloudBus.anonymous.OyfdXeKOQ2io50q-WJUcwA-7] o.s.a.r.l.SimpleMessageListenerContainer : Restarting Consumer@75c0f229: tags=[[]], channel=null, acknowledgeMode=AUTO local queue size=0
2022-06-04 18:57:57.791  INFO 19616 --- [springCloudBus.anonymous.OyfdXeKOQ2io50q-WJUcwA-8] o.s.a.r.c.CachingConnectionFactory       : Attempting to connect to: [localhost:5672]
2022-06-04 18:58:02.937  WARN 19616 --- [springCloudBus.anonymous.OyfdXeKOQ2io50q-WJUcwA-8] o.s.a.r.l.SimpleMessageListenerContainer : Consumer raised exception, processing can restart if the connection factory supports it. Exception summary: org.springframework.amqp.AmqpConnectException: java.net.ConnectException: Connection refused: no further information
2022-06-04 18:58:02.938  INFO 19616 --- [springCloudBus.anonymous.OyfdXeKOQ2io50q-WJUcwA-8] o.s.a.r.l.SimpleMessageListenerContainer : Restarting Consumer@2dd55bec: tags=[[]], channel=null, acknowledgeMode=AUTO local queue size=0
2022-06-04 18:58:02.939  INFO 19616 --- [springCloudBus.anonymous.OyfdXeKOQ2io50q-WJUcwA-9] o.s.a.r.c.CachingConnectionFactory       : Attempting to connect to: [localhost:5672]
2022-06-04 18:58:08.100  WARN 19616 --- [springCloudBus.anonymous.OyfdXeKOQ2io50q-WJUcwA-9] o.s.a.r.l.SimpleMessageListenerContainer : Consumer raised exception, processing can restart if the connection factory supports it. Exception summary: org.springframework.amqp.AmqpConnectException: java.net.ConnectException: Connection refused: no further information
2022-06-04 18:58:08.101  INFO 19616 --- [springCloudBus.anonymous.OyfdXeKOQ2io50q-WJUcwA-9] o.s.a.r.l.SimpleMessageListenerContainer : Restarting Consumer@43c27c4b: tags=[[]], channel=null, acknowledgeMode=AUTO local queue size=0
2022-06-04 18:58:08.103  INFO 19616 --- [springCloudBus.anonymous.OyfdXeKOQ2io50q-WJUcwA-10] o.s.a.r.c.CachingConnectionFactory       : Attempting to connect to: [localhost:5672]
2022-06-04 18:58:13.245  WARN 19616 --- [springCloudBus.anonymous.OyfdXeKOQ2io50q-WJUcwA-10] o.s.a.r.l.SimpleMessageListenerContainer : Consumer raised exception, processing can restart if the connection factory supports it. Exception summary: org.springframework.amqp.AmqpConnectException: java.net.ConnectException: Connection refused: no further information
2022-06-04 18:58:13.248  INFO 19616 --- [springCloudBus.anonymous.OyfdXeKOQ2io50q-WJUcwA-10] o.s.a.r.l.SimpleMessageListenerContainer : Restarting Consumer@7c57a522: tags=[[]], channel=null, acknowledgeMode=AUTO local queue size=0
2022-06-04 18:58:13.250  INFO 19616 --- [springCloudBus.anonymous.OyfdXeKOQ2io50q-WJUcwA-11] o.s.a.r.c.CachingConnectionFactory       : Attempting to connect to: [localhost:5672]
2022-06-04 18:58:18.394  WARN 19616 --- [springCloudBus.anonymous.OyfdXeKOQ2io50q-WJUcwA-11] o.s.a.r.l.SimpleMessageListenerContainer : Consumer raised exception, processing can restart if the connection factory supports it. Exception summary: org.springframework.amqp.AmqpConnectException: java.net.ConnectException: Connection refused: no further information
2022-06-04 18:58:18.395  INFO 19616 --- [springCloudBus.anonymous.OyfdXeKOQ2io50q-WJUcwA-11] o.s.a.r.l.SimpleMessageListenerContainer : Restarting Consumer@70c5b100: tags=[[]], channel=null, acknowledgeMode=AUTO local queue size=0
2022-06-04 18:58:18.396  INFO 19616 --- [springCloudBus.anonymous.OyfdXeKOQ2io50q-WJUcwA-12] o.s.a.r.c.CachingConnectionFactory       : Attempting to connect to: [localhost:5672]
2022-06-04 18:58:23.510  WARN 19616 --- [springCloudBus.anonymous.OyfdXeKOQ2io50q-WJUcwA-12] o.s.a.r.l.SimpleMessageListenerContainer : Consumer raised exception, processing can restart if the connection factory supports it. Exception summary: org.springframework.amqp.AmqpConnectException: java.net.ConnectException: Connection refused: no further information
2022-06-04 18:58:23.513  INFO 19616 --- [springCloudBus.anonymous.OyfdXeKOQ2io50q-WJUcwA-12] o.s.a.r.l.SimpleMessageListenerContainer : Restarting Consumer@4274dc94: tags=[[]], channel=null, acknowledgeMode=AUTO local queue size=0
2022-06-04 18:58:23.515  INFO 19616 --- [springCloudBus.anonymous.OyfdXeKOQ2io50q-WJUcwA-13] o.s.a.r.c.CachingConnectionFactory       : Attempting to connect to: [localhost:5672]
2022-06-04 18:58:28.714  WARN 19616 --- [springCloudBus.anonymous.OyfdXeKOQ2io50q-WJUcwA-13] o.s.a.r.l.SimpleMessageListenerContainer : Consumer raised exception, processing can restart if the connection factory supports it. Exception summary: org.springframework.amqp.AmqpConnectException: java.net.ConnectException: Connection refused: no further information
2022-06-04 18:58:28.715  INFO 19616 --- [springCloudBus.anonymous.OyfdXeKOQ2io50q-WJUcwA-13] o.s.a.r.l.SimpleMessageListenerContainer : Restarting Consumer@7f3428d8: tags=[[]], channel=null, acknowledgeMode=AUTO local queue size=0
2022-06-04 18:58:28.716  INFO 19616 --- [springCloudBus.anonymous.OyfdXeKOQ2io50q-WJUcwA-14] o.s.a.r.c.CachingConnectionFactory       : Attempting to connect to: [localhost:5672]
2022-06-04 18:58:33.871  WARN 19616 --- [springCloudBus.anonymous.OyfdXeKOQ2io50q-WJUcwA-14] o.s.a.r.l.SimpleMessageListenerContainer : Consumer raised exception, processing can restart if the connection factory supports it. Exception summary: org.springframework.amqp.AmqpConnectException: java.net.ConnectException: Connection refused: no further information
2022-06-04 18:58:33.879  INFO 19616 --- [springCloudBus.anonymous.OyfdXeKOQ2io50q-WJUcwA-14] o.s.a.r.l.SimpleMessageListenerContainer : Restarting Consumer@3513f75b: tags=[[]], channel=null, acknowledgeMode=AUTO local queue size=0
2022-06-04 18:58:33.881  INFO 19616 --- [springCloudBus.anonymous.OyfdXeKOQ2io50q-WJUcwA-15] o.s.a.r.c.CachingConnectionFactory       : Attempting to connect to: [localhost:5672]
2022-06-04 18:58:38.996  WARN 19616 --- [springCloudBus.anonymous.OyfdXeKOQ2io50q-WJUcwA-15] o.s.a.r.l.SimpleMessageListenerContainer : Consumer raised exception, processing can restart if the connection factory supports it. Exception summary: org.springframework.amqp.AmqpConnectException: java.net.ConnectException: Connection refused: no further information
2022-06-04 18:58:38.997  INFO 19616 --- [springCloudBus.anonymous.OyfdXeKOQ2io50q-WJUcwA-15] o.s.a.r.l.SimpleMessageListenerContainer : Restarting Consumer@1415b6fa: tags=[[]], channel=null, acknowledgeMode=AUTO local queue size=0
2022-06-04 18:58:38.998  INFO 19616 --- [springCloudBus.anonymous.OyfdXeKOQ2io50q-WJUcwA-16] o.s.a.r.c.CachingConnectionFactory       : Attempting to connect to: [localhost:5672]
2022-06-04 18:58:44.141  WARN 19616 --- [springCloudBus.anonymous.OyfdXeKOQ2io50q-WJUcwA-16] o.s.a.r.l.SimpleMessageListenerContainer : Consumer raised exception, processing can restart if the connection factory supports it. Exception summary: org.springframework.amqp.AmqpConnectException: java.net.ConnectException: Connection refused: no further information
2022-06-04 18:58:44.142  INFO 19616 --- [springCloudBus.anonymous.OyfdXeKOQ2io50q-WJUcwA-16] o.s.a.r.l.SimpleMessageListenerContainer : Restarting Consumer@4ca6c1d9: tags=[[]], channel=null, acknowledgeMode=AUTO local queue size=0
2022-06-04 18:58:44.148  INFO 19616 --- [springCloudBus.anonymous.OyfdXeKOQ2io50q-WJUcwA-17] o.s.a.r.c.CachingConnectionFactory       : Attempting to connect to: [localhost:5672]
2022-06-04 18:58:49.271  WARN 19616 --- [springCloudBus.anonymous.OyfdXeKOQ2io50q-WJUcwA-17] o.s.a.r.l.SimpleMessageListenerContainer : Consumer raised exception, processing can restart if the connection factory supports it. Exception summary: org.springframework.amqp.AmqpConnectException: java.net.ConnectException: Connection refused: no further information
2022-06-04 18:58:49.272  INFO 19616 --- [springCloudBus.anonymous.OyfdXeKOQ2io50q-WJUcwA-17] o.s.a.r.l.SimpleMessageListenerContainer : Restarting Consumer@453a2791: tags=[[]], channel=null, acknowledgeMode=AUTO local queue size=0
2022-06-04 18:58:49.273  INFO 19616 --- [springCloudBus.anonymous.OyfdXeKOQ2io50q-WJUcwA-18] o.s.a.r.c.CachingConnectionFactory       : Attempting to connect to: [localhost:5672]
2022-06-04 18:58:54.413  WARN 19616 --- [springCloudBus.anonymous.OyfdXeKOQ2io50q-WJUcwA-18] o.s.a.r.l.SimpleMessageListenerContainer : Consumer raised exception, processing can restart if the connection factory supports it. Exception summary: org.springframework.amqp.AmqpConnectException: java.net.ConnectException: Connection refused: no further information
2022-06-04 18:58:54.415  INFO 19616 --- [springCloudBus.anonymous.OyfdXeKOQ2io50q-WJUcwA-18] o.s.a.r.l.SimpleMessageListenerContainer : Restarting Consumer@4a627b8e: tags=[[]], channel=null, acknowledgeMode=AUTO local queue size=0
2022-06-04 18:58:54.416  INFO 19616 --- [springCloudBus.anonymous.OyfdXeKOQ2io50q-WJUcwA-19] o.s.a.r.c.CachingConnectionFactory       : Attempting to connect to: [localhost:5672]
2022-06-04 18:58:59.530  WARN 19616 --- [springCloudBus.anonymous.OyfdXeKOQ2io50q-WJUcwA-19] o.s.a.r.l.SimpleMessageListenerContainer : Consumer raised exception, processing can restart if the connection factory supports it. Exception summary: org.springframework.amqp.AmqpConnectException: java.net.ConnectException: Connection refused: no further information
2022-06-04 18:58:59.531  INFO 19616 --- [springCloudBus.anonymous.OyfdXeKOQ2io50q-WJUcwA-19] o.s.a.r.l.SimpleMessageListenerContainer : Restarting Consumer@5c1156c4: tags=[[]], channel=null, acknowledgeMode=AUTO local queue size=0
2022-06-04 18:58:59.532  INFO 19616 --- [springCloudBus.anonymous.OyfdXeKOQ2io50q-WJUcwA-20] o.s.a.r.c.CachingConnectionFactory       : Attempting to connect to: [localhost:5672]
2022-06-04 18:59:04.682  WARN 19616 --- [springCloudBus.anonymous.OyfdXeKOQ2io50q-WJUcwA-20] o.s.a.r.l.SimpleMessageListenerContainer : Consumer raised exception, processing can restart if the connection factory supports it. Exception summary: org.springframework.amqp.AmqpConnectException: java.net.ConnectException: Connection refused: no further information
2022-06-04 18:59:04.683  INFO 19616 --- [springCloudBus.anonymous.OyfdXeKOQ2io50q-WJUcwA-20] o.s.a.r.l.SimpleMessageListenerContainer : Restarting Consumer@5958bf40: tags=[[]], channel=null, acknowledgeMode=AUTO local queue size=0
2022-06-04 18:59:04.685  INFO 19616 --- [springCloudBus.anonymous.OyfdXeKOQ2io50q-WJUcwA-21] o.s.a.r.c.CachingConnectionFactory       : Attempting to connect to: [localhost:5672]
2022-06-04 18:59:09.838  WARN 19616 --- [springCloudBus.anonymous.OyfdXeKOQ2io50q-WJUcwA-21] o.s.a.r.l.SimpleMessageListenerContainer : Consumer raised exception, processing can restart if the connection factory supports it. Exception summary: org.springframework.amqp.AmqpConnectException: java.net.ConnectException: Connection refused: no further information
2022-06-04 18:59:09.840  INFO 19616 --- [springCloudBus.anonymous.OyfdXeKOQ2io50q-WJUcwA-21] o.s.a.r.l.SimpleMessageListenerContainer : Restarting Consumer@7f5a5961: tags=[[]], channel=null, acknowledgeMode=AUTO local queue size=0
2022-06-04 18:59:09.842  INFO 19616 --- [springCloudBus.anonymous.OyfdXeKOQ2io50q-WJUcwA-22] o.s.a.r.c.CachingConnectionFactory       : Attempting to connect to: [localhost:5672]
2022-06-04 18:59:14.981  WARN 19616 --- [springCloudBus.anonymous.OyfdXeKOQ2io50q-WJUcwA-22] o.s.a.r.l.SimpleMessageListenerContainer : Consumer raised exception, processing can restart if the connection factory supports it. Exception summary: org.springframework.amqp.AmqpConnectException: java.net.ConnectException: Connection refused: no further information
2022-06-04 18:59:14.984  INFO 19616 --- [springCloudBus.anonymous.OyfdXeKOQ2io50q-WJUcwA-22] o.s.a.r.l.SimpleMessageListenerContainer : Restarting Consumer@5eff9596: tags=[[]], channel=null, acknowledgeMode=AUTO local queue size=0
2022-06-04 18:59:14.988  INFO 19616 --- [springCloudBus.anonymous.OyfdXeKOQ2io50q-WJUcwA-23] o.s.a.r.c.CachingConnectionFactory       : Attempting to connect to: [localhost:5672]
2022-06-04 18:59:20.126  WARN 19616 --- [springCloudBus.anonymous.OyfdXeKOQ2io50q-WJUcwA-23] o.s.a.r.l.SimpleMessageListenerContainer : Consumer raised exception, processing can restart if the connection factory supports it. Exception summary: org.springframework.amqp.AmqpConnectException: java.net.ConnectException: Connection refused: no further information
2022-06-04 18:59:20.127  INFO 19616 --- [springCloudBus.anonymous.OyfdXeKOQ2io50q-WJUcwA-23] o.s.a.r.l.SimpleMessageListenerContainer : Restarting Consumer@3d81d60c: tags=[[]], channel=null, acknowledgeMode=AUTO local queue size=0
2022-06-04 18:59:20.129  INFO 19616 --- [springCloudBus.anonymous.OyfdXeKOQ2io50q-WJUcwA-24] o.s.a.r.c.CachingConnectionFactory       : Attempting to connect to: [localhost:5672]
2022-06-04 18:59:25.292  WARN 19616 --- [springCloudBus.anonymous.OyfdXeKOQ2io50q-WJUcwA-24] o.s.a.r.l.SimpleMessageListenerContainer : Consumer raised exception, processing can restart if the connection factory supports it. Exception summary: org.springframework.amqp.AmqpConnectException: java.net.ConnectException: Connection refused: no further information
2022-06-04 18:59:25.293  INFO 19616 --- [springCloudBus.anonymous.OyfdXeKOQ2io50q-WJUcwA-24] o.s.a.r.l.SimpleMessageListenerContainer : Restarting Consumer@2ea0d296: tags=[[]], channel=null, acknowledgeMode=AUTO local queue size=0
2022-06-04 18:59:25.294  INFO 19616 --- [springCloudBus.anonymous.OyfdXeKOQ2io50q-WJUcwA-25] o.s.a.r.c.CachingConnectionFactory       : Attempting to connect to: [localhost:5672]
2022-06-04 18:59:30.417  WARN 19616 --- [springCloudBus.anonymous.OyfdXeKOQ2io50q-WJUcwA-25] o.s.a.r.l.SimpleMessageListenerContainer : Consumer raised exception, processing can restart if the connection factory supports it. Exception summary: org.springframework.amqp.AmqpConnectException: java.net.ConnectException: Connection refused: no further information
2022-06-04 18:59:30.418  INFO 19616 --- [springCloudBus.anonymous.OyfdXeKOQ2io50q-WJUcwA-25] o.s.a.r.l.SimpleMessageListenerContainer : Restarting Consumer@6f249508: tags=[[]], channel=null, acknowledgeMode=AUTO local queue size=0
2022-06-04 18:59:30.420  INFO 19616 --- [springCloudBus.anonymous.OyfdXeKOQ2io50q-WJUcwA-26] o.s.a.r.c.CachingConnectionFactory       : Attempting to connect to: [localhost:5672]
2022-06-04 18:59:35.554  WARN 19616 --- [springCloudBus.anonymous.OyfdXeKOQ2io50q-WJUcwA-26] o.s.a.r.l.SimpleMessageListenerContainer : Consumer raised exception, processing can restart if the connection factory supports it. Exception summary: org.springframework.amqp.AmqpConnectException: java.net.ConnectException: Connection refused: no further information
2022-06-04 18:59:35.557  INFO 19616 --- [springCloudBus.anonymous.OyfdXeKOQ2io50q-WJUcwA-26] o.s.a.r.l.SimpleMessageListenerContainer : Restarting Consumer@46713616: tags=[[]], channel=null, acknowledgeMode=AUTO local queue size=0
2022-06-04 18:59:35.561  INFO 19616 --- [springCloudBus.anonymous.OyfdXeKOQ2io50q-WJUcwA-27] o.s.a.r.c.CachingConnectionFactory       : Attempting to connect to: [localhost:5672]
2022-06-04 18:59:40.710  WARN 19616 --- [springCloudBus.anonymous.OyfdXeKOQ2io50q-WJUcwA-27] o.s.a.r.l.SimpleMessageListenerContainer : Consumer raised exception, processing can restart if the connection factory supports it. Exception summary: org.springframework.amqp.AmqpConnectException: java.net.ConnectException: Connection refused: no further information
2022-06-04 18:59:40.710  INFO 19616 --- [springCloudBus.anonymous.OyfdXeKOQ2io50q-WJUcwA-27] o.s.a.r.l.SimpleMessageListenerContainer : Restarting Consumer@5810f900: tags=[[]], channel=null, acknowledgeMode=AUTO local queue size=0
2022-06-04 18:59:40.711  INFO 19616 --- [springCloudBus.anonymous.OyfdXeKOQ2io50q-WJUcwA-28] o.s.a.r.c.CachingConnectionFactory       : Attempting to connect to: [localhost:5672]
2022-06-04 18:59:45.848  WARN 19616 --- [springCloudBus.anonymous.OyfdXeKOQ2io50q-WJUcwA-28] o.s.a.r.l.SimpleMessageListenerContainer : Consumer raised exception, processing can restart if the connection factory supports it. Exception summary: org.springframework.amqp.AmqpConnectException: java.net.ConnectException: Connection refused: no further information
2022-06-04 18:59:45.849  INFO 19616 --- [springCloudBus.anonymous.OyfdXeKOQ2io50q-WJUcwA-28] o.s.a.r.l.SimpleMessageListenerContainer : Restarting Consumer@14b42f91: tags=[[]], channel=null, acknowledgeMode=AUTO local queue size=0
2022-06-04 18:59:45.849  INFO 19616 --- [springCloudBus.anonymous.OyfdXeKOQ2io50q-WJUcwA-29] o.s.a.r.c.CachingConnectionFactory       : Attempting to connect to: [localhost:5672]
2022-06-04 18:59:50.992  WARN 19616 --- [springCloudBus.anonymous.OyfdXeKOQ2io50q-WJUcwA-29] o.s.a.r.l.SimpleMessageListenerContainer : Consumer raised exception, processing can restart if the connection factory supports it. Exception summary: org.springframework.amqp.AmqpConnectException: java.net.ConnectException: Connection refused: no further information
2022-06-04 18:59:50.994  INFO 19616 --- [springCloudBus.anonymous.OyfdXeKOQ2io50q-WJUcwA-29] o.s.a.r.l.SimpleMessageListenerContainer : Restarting Consumer@25abcafc: tags=[[]], channel=null, acknowledgeMode=AUTO local queue size=0
2022-06-04 18:59:50.996  INFO 19616 --- [springCloudBus.anonymous.OyfdXeKOQ2io50q-WJUcwA-30] o.s.a.r.c.CachingConnectionFactory       : Attempting to connect to: [localhost:5672]
2022-06-04 18:59:56.139  WARN 19616 --- [springCloudBus.anonymous.OyfdXeKOQ2io50q-WJUcwA-30] o.s.a.r.l.SimpleMessageListenerContainer : Consumer raised exception, processing can restart if the connection factory supports it. Exception summary: org.springframework.amqp.AmqpConnectException: java.net.ConnectException: Connection refused: no further information
2022-06-04 18:59:56.140  INFO 19616 --- [springCloudBus.anonymous.OyfdXeKOQ2io50q-WJUcwA-30] o.s.a.r.l.SimpleMessageListenerContainer : Restarting Consumer@1b1b98a1: tags=[[]], channel=null, acknowledgeMode=AUTO local queue size=0
2022-06-04 18:59:56.140  INFO 19616 --- [springCloudBus.anonymous.OyfdXeKOQ2io50q-WJUcwA-31] o.s.a.r.c.CachingConnectionFactory       : Attempting to connect to: [localhost:5672]
2022-06-04 19:00:01.295  WARN 19616 --- [springCloudBus.anonymous.OyfdXeKOQ2io50q-WJUcwA-31] o.s.a.r.l.SimpleMessageListenerContainer : Consumer raised exception, processing can restart if the connection factory supports it. Exception summary: org.springframework.amqp.AmqpConnectException: java.net.ConnectException: Connection refused: no further information
2022-06-04 19:00:01.297  INFO 19616 --- [springCloudBus.anonymous.OyfdXeKOQ2io50q-WJUcwA-31] o.s.a.r.l.SimpleMessageListenerContainer : Restarting Consumer@768fdec: tags=[[]], channel=null, acknowledgeMode=AUTO local queue size=0
2022-06-04 19:00:01.299  INFO 19616 --- [springCloudBus.anonymous.OyfdXeKOQ2io50q-WJUcwA-32] o.s.a.r.c.CachingConnectionFactory       : Attempting to connect to: [localhost:5672]
2022-06-04 19:00:06.460  WARN 19616 --- [springCloudBus.anonymous.OyfdXeKOQ2io50q-WJUcwA-32] o.s.a.r.l.SimpleMessageListenerContainer : Consumer raised exception, processing can restart if the connection factory supports it. Exception summary: org.springframework.amqp.AmqpConnectException: java.net.ConnectException: Connection refused: no further information
2022-06-04 19:00:06.461  INFO 19616 --- [springCloudBus.anonymous.OyfdXeKOQ2io50q-WJUcwA-32] o.s.a.r.l.SimpleMessageListenerContainer : Restarting Consumer@2c989752: tags=[[]], channel=null, acknowledgeMode=AUTO local queue size=0
2022-06-04 19:00:06.461  INFO 19616 --- [springCloudBus.anonymous.OyfdXeKOQ2io50q-WJUcwA-33] o.s.a.r.c.CachingConnectionFactory       : Attempting to connect to: [localhost:5672]
2022-06-04 19:00:11.663  WARN 19616 --- [springCloudBus.anonymous.OyfdXeKOQ2io50q-WJUcwA-33] o.s.a.r.l.SimpleMessageListenerContainer : Consumer raised exception, processing can restart if the connection factory supports it. Exception summary: org.springframework.amqp.AmqpConnectException: java.net.ConnectException: Connection refused: no further information
2022-06-04 19:00:11.664  INFO 19616 --- [springCloudBus.anonymous.OyfdXeKOQ2io50q-WJUcwA-33] o.s.a.r.l.SimpleMessageListenerContainer : Restarting Consumer@3e5eb7eb: tags=[[]], channel=null, acknowledgeMode=AUTO local queue size=0
2022-06-04 19:00:11.665  INFO 19616 --- [springCloudBus.anonymous.OyfdXeKOQ2io50q-WJUcwA-34] o.s.a.r.c.CachingConnectionFactory       : Attempting to connect to: [localhost:5672]
2022-06-04 19:00:16.815  WARN 19616 --- [springCloudBus.anonymous.OyfdXeKOQ2io50q-WJUcwA-34] o.s.a.r.l.SimpleMessageListenerContainer : Consumer raised exception, processing can restart if the connection factory supports it. Exception summary: org.springframework.amqp.AmqpConnectException: java.net.ConnectException: Connection refused: no further information
2022-06-04 19:00:16.816  INFO 19616 --- [springCloudBus.anonymous.OyfdXeKOQ2io50q-WJUcwA-34] o.s.a.r.l.SimpleMessageListenerContainer : Restarting Consumer@2fba335b: tags=[[]], channel=null, acknowledgeMode=AUTO local queue size=0
2022-06-04 19:00:16.817  INFO 19616 --- [springCloudBus.anonymous.OyfdXeKOQ2io50q-WJUcwA-35] o.s.a.r.c.CachingConnectionFactory       : Attempting to connect to: [localhost:5672]
2022-06-04 19:00:22.001  WARN 19616 --- [springCloudBus.anonymous.OyfdXeKOQ2io50q-WJUcwA-35] o.s.a.r.l.SimpleMessageListenerContainer : Consumer raised exception, processing can restart if the connection factory supports it. Exception summary: org.springframework.amqp.AmqpConnectException: java.net.ConnectException: Connection refused: no further information
2022-06-04 19:00:22.002  INFO 19616 --- [springCloudBus.anonymous.OyfdXeKOQ2io50q-WJUcwA-35] o.s.a.r.l.SimpleMessageListenerContainer : Restarting Consumer@41ffad15: tags=[[]], channel=null, acknowledgeMode=AUTO local queue size=0
2022-06-04 19:00:22.004  INFO 19616 --- [springCloudBus.anonymous.OyfdXeKOQ2io50q-WJUcwA-36] o.s.a.r.c.CachingConnectionFactory       : Attempting to connect to: [localhost:5672]
2022-06-04 19:00:27.154  WARN 19616 --- [springCloudBus.anonymous.OyfdXeKOQ2io50q-WJUcwA-36] o.s.a.r.l.SimpleMessageListenerContainer : Consumer raised exception, processing can restart if the connection factory supports it. Exception summary: org.springframework.amqp.AmqpConnectException: java.net.ConnectException: Connection refused: no further information
2022-06-04 19:00:27.155  INFO 19616 --- [springCloudBus.anonymous.OyfdXeKOQ2io50q-WJUcwA-36] o.s.a.r.l.SimpleMessageListenerContainer : Restarting Consumer@6a55fd25: tags=[[]], channel=null, acknowledgeMode=AUTO local queue size=0
2022-06-04 19:00:27.158  INFO 19616 --- [springCloudBus.anonymous.OyfdXeKOQ2io50q-WJUcwA-37] o.s.a.r.c.CachingConnectionFactory       : Attempting to connect to: [localhost:5672]
2022-06-04 19:00:32.353  WARN 19616 --- [springCloudBus.anonymous.OyfdXeKOQ2io50q-WJUcwA-37] o.s.a.r.l.SimpleMessageListenerContainer : Consumer raised exception, processing can restart if the connection factory supports it. Exception summary: org.springframework.amqp.AmqpConnectException: java.net.ConnectException: Connection refused: no further information
2022-06-04 19:00:32.356  INFO 19616 --- [springCloudBus.anonymous.OyfdXeKOQ2io50q-WJUcwA-37] o.s.a.r.l.SimpleMessageListenerContainer : Restarting Consumer@2c85a25f: tags=[[]], channel=null, acknowledgeMode=AUTO local queue size=0
2022-06-04 19:00:32.357  INFO 19616 --- [springCloudBus.anonymous.OyfdXeKOQ2io50q-WJUcwA-38] o.s.a.r.c.CachingConnectionFactory       : Attempting to connect to: [localhost:5672]
2022-06-04 19:00:37.524  WARN 19616 --- [springCloudBus.anonymous.OyfdXeKOQ2io50q-WJUcwA-38] o.s.a.r.l.SimpleMessageListenerContainer : Consumer raised exception, processing can restart if the connection factory supports it. Exception summary: org.springframework.amqp.AmqpConnectException: java.net.ConnectException: Connection refused: no further information
2022-06-04 19:00:37.527  INFO 19616 --- [springCloudBus.anonymous.OyfdXeKOQ2io50q-WJUcwA-38] o.s.a.r.l.SimpleMessageListenerContainer : Restarting Consumer@750bc23f: tags=[[]], channel=null, acknowledgeMode=AUTO local queue size=0
2022-06-04 19:00:37.530  INFO 19616 --- [springCloudBus.anonymous.OyfdXeKOQ2io50q-WJUcwA-39] o.s.a.r.c.CachingConnectionFactory       : Attempting to connect to: [localhost:5672]
2022-06-04 19:00:42.714  WARN 19616 --- [springCloudBus.anonymous.OyfdXeKOQ2io50q-WJUcwA-39] o.s.a.r.l.SimpleMessageListenerContainer : Consumer raised exception, processing can restart if the connection factory supports it. Exception summary: org.springframework.amqp.AmqpConnectException: java.net.ConnectException: Connection refused: no further information
2022-06-04 19:00:42.715  INFO 19616 --- [springCloudBus.anonymous.OyfdXeKOQ2io50q-WJUcwA-39] o.s.a.r.l.SimpleMessageListenerContainer : Restarting Consumer@22077eb1: tags=[[]], channel=null, acknowledgeMode=AUTO local queue size=0
2022-06-04 19:00:42.717  INFO 19616 --- [springCloudBus.anonymous.OyfdXeKOQ2io50q-WJUcwA-40] o.s.a.r.c.CachingConnectionFactory       : Attempting to connect to: [localhost:5672]
2022-06-04 19:00:47.892  WARN 19616 --- [springCloudBus.anonymous.OyfdXeKOQ2io50q-WJUcwA-40] o.s.a.r.l.SimpleMessageListenerContainer : Consumer raised exception, processing can restart if the connection factory supports it. Exception summary: org.springframework.amqp.AmqpConnectException: java.net.ConnectException: Connection refused: no further information
2022-06-04 19:00:47.893  INFO 19616 --- [springCloudBus.anonymous.OyfdXeKOQ2io50q-WJUcwA-40] o.s.a.r.l.SimpleMessageListenerContainer : Restarting Consumer@71a65f43: tags=[[]], channel=null, acknowledgeMode=AUTO local queue size=0
2022-06-04 19:00:47.894  INFO 19616 --- [springCloudBus.anonymous.OyfdXeKOQ2io50q-WJUcwA-41] o.s.a.r.c.CachingConnectionFactory       : Attempting to connect to: [localhost:5672]
2022-06-04 19:00:53.048  WARN 19616 --- [springCloudBus.anonymous.OyfdXeKOQ2io50q-WJUcwA-41] o.s.a.r.l.SimpleMessageListenerContainer : Consumer raised exception, processing can restart if the connection factory supports it. Exception summary: org.springframework.amqp.AmqpConnectException: java.net.ConnectException: Connection refused: no further information
2022-06-04 19:00:53.049  INFO 19616 --- [springCloudBus.anonymous.OyfdXeKOQ2io50q-WJUcwA-41] o.s.a.r.l.SimpleMessageListenerContainer : Restarting Consumer@5b0d6f6f: tags=[[]], channel=null, acknowledgeMode=AUTO local queue size=0
2022-06-04 19:00:53.050  INFO 19616 --- [springCloudBus.anonymous.OyfdXeKOQ2io50q-WJUcwA-42] o.s.a.r.c.CachingConnectionFactory       : Attempting to connect to: [localhost:5672]
2022-06-04 19:00:58.210  WARN 19616 --- [springCloudBus.anonymous.OyfdXeKOQ2io50q-WJUcwA-42] o.s.a.r.l.SimpleMessageListenerContainer : Consumer raised exception, processing can restart if the connection factory supports it. Exception summary: org.springframework.amqp.AmqpConnectException: java.net.ConnectException: Connection refused: no further information
2022-06-04 19:00:58.211  INFO 19616 --- [springCloudBus.anonymous.OyfdXeKOQ2io50q-WJUcwA-42] o.s.a.r.l.SimpleMessageListenerContainer : Restarting Consumer@217cbe8f: tags=[[]], channel=null, acknowledgeMode=AUTO local queue size=0
2022-06-04 19:00:58.212  INFO 19616 --- [springCloudBus.anonymous.OyfdXeKOQ2io50q-WJUcwA-43] o.s.a.r.c.CachingConnectionFactory       : Attempting to connect to: [localhost:5672]
2022-06-04 19:01:03.325  WARN 19616 --- [springCloudBus.anonymous.OyfdXeKOQ2io50q-WJUcwA-43] o.s.a.r.l.SimpleMessageListenerContainer : Consumer raised exception, processing can restart if the connection factory supports it. Exception summary: org.springframework.amqp.AmqpConnectException: java.net.ConnectException: Connection refused: no further information
2022-06-04 19:01:03.326  INFO 19616 --- [springCloudBus.anonymous.OyfdXeKOQ2io50q-WJUcwA-43] o.s.a.r.l.SimpleMessageListenerContainer : Restarting Consumer@7038ea92: tags=[[]], channel=null, acknowledgeMode=AUTO local queue size=0
2022-06-04 19:01:03.326  INFO 19616 --- [springCloudBus.anonymous.OyfdXeKOQ2io50q-WJUcwA-44] o.s.a.r.c.CachingConnectionFactory       : Attempting to connect to: [localhost:5672]
2022-06-04 19:01:08.468  WARN 19616 --- [springCloudBus.anonymous.OyfdXeKOQ2io50q-WJUcwA-44] o.s.a.r.l.SimpleMessageListenerContainer : Consumer raised exception, processing can restart if the connection factory supports it. Exception summary: org.springframework.amqp.AmqpConnectException: java.net.ConnectException: Connection refused: no further information
2022-06-04 19:01:08.469  INFO 19616 --- [springCloudBus.anonymous.OyfdXeKOQ2io50q-WJUcwA-44] o.s.a.r.l.SimpleMessageListenerContainer : Restarting Consumer@cd0d96d: tags=[[]], channel=null, acknowledgeMode=AUTO local queue size=0
2022-06-04 19:01:08.470  INFO 19616 --- [springCloudBus.anonymous.OyfdXeKOQ2io50q-WJUcwA-45] o.s.a.r.c.CachingConnectionFactory       : Attempting to connect to: [localhost:5672]
2022-06-04 19:01:13.609  WARN 19616 --- [springCloudBus.anonymous.OyfdXeKOQ2io50q-WJUcwA-45] o.s.a.r.l.SimpleMessageListenerContainer : Consumer raised exception, processing can restart if the connection factory supports it. Exception summary: org.springframework.amqp.AmqpConnectException: java.net.ConnectException: Connection refused: no further information
2022-06-04 19:01:13.609  INFO 19616 --- [springCloudBus.anonymous.OyfdXeKOQ2io50q-WJUcwA-45] o.s.a.r.l.SimpleMessageListenerContainer : Restarting Consumer@3bd144d7: tags=[[]], channel=null, acknowledgeMode=AUTO local queue size=0
2022-06-04 19:01:13.610  INFO 19616 --- [springCloudBus.anonymous.OyfdXeKOQ2io50q-WJUcwA-46] o.s.a.r.c.CachingConnectionFactory       : Attempting to connect to: [localhost:5672]
2022-06-04 19:01:18.766  WARN 19616 --- [springCloudBus.anonymous.OyfdXeKOQ2io50q-WJUcwA-46] o.s.a.r.l.SimpleMessageListenerContainer : Consumer raised exception, processing can restart if the connection factory supports it. Exception summary: org.springframework.amqp.AmqpConnectException: java.net.ConnectException: Connection refused: no further information
2022-06-04 19:01:18.769  INFO 19616 --- [springCloudBus.anonymous.OyfdXeKOQ2io50q-WJUcwA-46] o.s.a.r.l.SimpleMessageListenerContainer : Restarting Consumer@752f5ee7: tags=[[]], channel=null, acknowledgeMode=AUTO local queue size=0
2022-06-04 19:01:18.771  INFO 19616 --- [springCloudBus.anonymous.OyfdXeKOQ2io50q-WJUcwA-47] o.s.a.r.c.CachingConnectionFactory       : Attempting to connect to: [localhost:5672]
2022-06-04 19:01:23.928  WARN 19616 --- [springCloudBus.anonymous.OyfdXeKOQ2io50q-WJUcwA-47] o.s.a.r.l.SimpleMessageListenerContainer : Consumer raised exception, processing can restart if the connection factory supports it. Exception summary: org.springframework.amqp.AmqpConnectException: java.net.ConnectException: Connection refused: no further information
2022-06-04 19:01:23.929  INFO 19616 --- [springCloudBus.anonymous.OyfdXeKOQ2io50q-WJUcwA-47] o.s.a.r.l.SimpleMessageListenerContainer : Restarting Consumer@6b4e47eb: tags=[[]], channel=null, acknowledgeMode=AUTO local queue size=0
2022-06-04 19:01:23.931  INFO 19616 --- [springCloudBus.anonymous.OyfdXeKOQ2io50q-WJUcwA-48] o.s.a.r.c.CachingConnectionFactory       : Attempting to connect to: [localhost:5672]
2022-06-04 19:01:29.081  WARN 19616 --- [springCloudBus.anonymous.OyfdXeKOQ2io50q-WJUcwA-48] o.s.a.r.l.SimpleMessageListenerContainer : Consumer raised exception, processing can restart if the connection factory supports it. Exception summary: org.springframework.amqp.AmqpConnectException: java.net.ConnectException: Connection refused: no further information
2022-06-04 19:01:29.082  INFO 19616 --- [springCloudBus.anonymous.OyfdXeKOQ2io50q-WJUcwA-48] o.s.a.r.l.SimpleMessageListenerContainer : Restarting Consumer@5f6ae21d: tags=[[]], channel=null, acknowledgeMode=AUTO local queue size=0
2022-06-04 19:01:29.083  INFO 19616 --- [springCloudBus.anonymous.OyfdXeKOQ2io50q-WJUcwA-49] o.s.a.r.c.CachingConnectionFactory       : Attempting to connect to: [localhost:5672]
2022-06-04 19:01:34.189  WARN 19616 --- [springCloudBus.anonymous.OyfdXeKOQ2io50q-WJUcwA-49] o.s.a.r.l.SimpleMessageListenerContainer : Consumer raised exception, processing can restart if the connection factory supports it. Exception summary: org.springframework.amqp.AmqpConnectException: java.net.ConnectException: Connection refused: no further information
2022-06-04 19:01:34.192  INFO 19616 --- [springCloudBus.anonymous.OyfdXeKOQ2io50q-WJUcwA-49] o.s.a.r.l.SimpleMessageListenerContainer : Restarting Consumer@42cdf0f0: tags=[[]], channel=null, acknowledgeMode=AUTO local queue size=0
2022-06-04 19:01:34.195  INFO 19616 --- [springCloudBus.anonymous.OyfdXeKOQ2io50q-WJUcwA-50] o.s.a.r.c.CachingConnectionFactory       : Attempting to connect to: [localhost:5672]
2022-06-04 19:01:39.362  WARN 19616 --- [springCloudBus.anonymous.OyfdXeKOQ2io50q-WJUcwA-50] o.s.a.r.l.SimpleMessageListenerContainer : Consumer raised exception, processing can restart if the connection factory supports it. Exception summary: org.springframework.amqp.AmqpConnectException: java.net.ConnectException: Connection refused: no further information
2022-06-04 19:01:39.363  INFO 19616 --- [springCloudBus.anonymous.OyfdXeKOQ2io50q-WJUcwA-50] o.s.a.r.l.SimpleMessageListenerContainer : Restarting Consumer@45a966f2: tags=[[]], channel=null, acknowledgeMode=AUTO local queue size=0
2022-06-04 19:01:39.364  INFO 19616 --- [springCloudBus.anonymous.OyfdXeKOQ2io50q-WJUcwA-51] o.s.a.r.c.CachingConnectionFactory       : Attempting to connect to: [localhost:5672]
2022-06-04 19:01:44.496  WARN 19616 --- [springCloudBus.anonymous.OyfdXeKOQ2io50q-WJUcwA-51] o.s.a.r.l.SimpleMessageListenerContainer : Consumer raised exception, processing can restart if the connection factory supports it. Exception summary: org.springframework.amqp.AmqpConnectException: java.net.ConnectException: Connection refused: no further information
2022-06-04 19:01:44.497  INFO 19616 --- [springCloudBus.anonymous.OyfdXeKOQ2io50q-WJUcwA-51] o.s.a.r.l.SimpleMessageListenerContainer : Restarting Consumer@6061b299: tags=[[]], channel=null, acknowledgeMode=AUTO local queue size=0
2022-06-04 19:01:44.498  INFO 19616 --- [springCloudBus.anonymous.OyfdXeKOQ2io50q-WJUcwA-52] o.s.a.r.c.CachingConnectionFactory       : Attempting to connect to: [localhost:5672]
2022-06-04 19:01:49.655  WARN 19616 --- [springCloudBus.anonymous.OyfdXeKOQ2io50q-WJUcwA-52] o.s.a.r.l.SimpleMessageListenerContainer : Consumer raised exception, processing can restart if the connection factory supports it. Exception summary: org.springframework.amqp.AmqpConnectException: java.net.ConnectException: Connection refused: no further information
2022-06-04 19:01:49.656  INFO 19616 --- [springCloudBus.anonymous.OyfdXeKOQ2io50q-WJUcwA-52] o.s.a.r.l.SimpleMessageListenerContainer : Restarting Consumer@4a4f6b0e: tags=[[]], channel=null, acknowledgeMode=AUTO local queue size=0
2022-06-04 19:01:49.656  INFO 19616 --- [springCloudBus.anonymous.OyfdXeKOQ2io50q-WJUcwA-53] o.s.a.r.c.CachingConnectionFactory       : Attempting to connect to: [localhost:5672]
2022-06-04 19:01:54.415  INFO 19616 --- [RMI TCP Connection(13)-127.0.0.1] inMXBeanRegistrar$SpringApplicationAdmin : Application shutdown requested.
2022-06-04 19:01:54.419  INFO 19616 --- [RMI TCP Connection(13)-127.0.0.1] o.s.c.n.e.s.EurekaServiceRegistry        : Unregistering application ALBUM-SERVICE with eureka with status DOWN
2022-06-04 19:01:54.419  INFO 19616 --- [RMI TCP Connection(13)-127.0.0.1] com.netflix.discovery.DiscoveryClient    : Saw local status change event StatusChangeEvent [timestamp=1654387314419, current=DOWN, previous=UP]
2022-06-04 19:01:54.420  INFO 19616 --- [DiscoveryClient-InstanceInfoReplicator-0] com.netflix.discovery.DiscoveryClient    : DiscoveryClient_ALBUM-SERVICE/ALBUM-SERVICE:34e40812514eef10296f4601743c9d45: registering service...
2022-06-04 19:01:54.434  INFO 19616 --- [DiscoveryClient-InstanceInfoReplicator-0] com.netflix.discovery.DiscoveryClient    : DiscoveryClient_ALBUM-SERVICE/ALBUM-SERVICE:34e40812514eef10296f4601743c9d45 - registration status: 204
2022-06-04 19:01:54.459  INFO 19616 --- [RMI TCP Connection(13)-127.0.0.1] o.apache.catalina.core.StandardService   : Stopping service [Tomcat]
2022-06-04 19:01:54.462  INFO 19616 --- [RMI TCP Connection(13)-127.0.0.1] o.a.c.c.C.[Tomcat].[localhost].[/]       : Destroying Spring FrameworkServlet 'dispatcherServlet'
2022-06-04 19:01:54.478  INFO 19616 --- [RMI TCP Connection(13)-127.0.0.1] o.s.a.r.l.SimpleMessageListenerContainer : Waiting for workers to finish.
2022-06-04 19:01:54.479  INFO 19616 --- [RMI TCP Connection(13)-127.0.0.1] o.s.a.r.l.SimpleMessageListenerContainer : Successfully waited for workers to finish.
2022-06-04 19:01:54.480  INFO 19616 --- [RMI TCP Connection(13)-127.0.0.1] o.s.i.a.i.AmqpInboundChannelAdapter      : stopped bean 'inbound.springCloudBus.anonymous.OyfdXeKOQ2io50q-WJUcwA'
2022-06-04 19:01:54.484  INFO 19616 --- [RMI TCP Connection(13)-127.0.0.1] o.s.c.stream.binder.BinderErrorChannel   : Channel 'application-1.springCloudBus.anonymous.OyfdXeKOQ2io50q-WJUcwA.errors' has 1 subscriber(s).
2022-06-04 19:01:54.488  INFO 19616 --- [RMI TCP Connection(13)-127.0.0.1] o.s.i.endpoint.EventDrivenConsumer       : Removing {logging-channel-adapter:_org.springframework.integration.errorLogger} as a subscriber to the 'errorChannel' channel
2022-06-04 19:01:54.488  INFO 19616 --- [RMI TCP Connection(13)-127.0.0.1] o.s.i.channel.PublishSubscribeChannel    : Channel 'application-1.errorChannel' has 0 subscriber(s).
2022-06-04 19:01:54.488  INFO 19616 --- [RMI TCP Connection(13)-127.0.0.1] o.s.i.endpoint.EventDrivenConsumer       : stopped bean '_org.springframework.integration.errorLogger'
2022-06-04 19:01:54.510  INFO 19616 --- [RMI TCP Connection(13)-127.0.0.1] com.netflix.discovery.DiscoveryClient    : Shutting down DiscoveryClient ...
